2026-01-03 20:33:51.805 | INFO     | ================================================================================
2026-01-03 20:33:51.805 | INFO     | 风扇控制日志文件: F:\A-User\cliff\frist\frist\hardware\fan_control\logs\fan_control_20260103_203351.log
2026-01-03 20:33:51.805 | INFO     | ================================================================================
2026-01-03 20:33:51.805 | INFO     | ================================================================================
2026-01-03 20:33:51.805 | INFO     | ModbusFanController 初始化
2026-01-03 20:33:51.806 | INFO     | 设备IP: 192.168.2.1:8234
2026-01-03 20:33:51.806 | INFO     | 风扇数量: 16
2026-01-03 20:33:51.820 | INFO     | 从站地址: 1
2026-01-03 20:33:51.820 | INFO     | 寄存器起始: 0x0000
2026-01-03 20:33:51.820 | INFO     | ================================================================================
2026-01-03 20:33:51.820 | DEBUG    | ------------------------------------------------------------
2026-01-03 20:33:51.820 | INFO     | 设置风扇 #1 速度
2026-01-03 20:33:51.820 | DEBUG    |   风扇索引: 0 (0-based)
2026-01-03 20:33:51.820 | DEBUG    |   速度百分比: 25.00%
2026-01-03 20:33:51.820 | DEBUG    |   PWM值: 250
2026-01-03 20:33:51.820 | DEBUG    |   寄存器地址: 0x0000
2026-01-03 20:33:51.820 | DEBUG    |   请求帧: 01 06 00 00 00 FA 09 89
2026-01-03 20:33:51.820 | ERROR    |   [ERROR] 失败: 未连接
2026-01-03 20:33:51.820 | DEBUG    | ------------------------------------------------------------
2026-01-03 20:33:51.820 | INFO     | 设置风扇 #2 速度
2026-01-03 20:33:51.820 | DEBUG    |   风扇索引: 1 (0-based)
2026-01-03 20:33:51.820 | DEBUG    |   速度百分比: 50.00%
2026-01-03 20:33:51.820 | DEBUG    |   PWM值: 500
2026-01-03 20:33:51.820 | DEBUG    |   寄存器地址: 0x0001
2026-01-03 20:33:51.820 | DEBUG    |   请求帧: 01 06 00 01 01 F4 D8 1D
2026-01-03 20:33:51.820 | ERROR    |   [ERROR] 失败: 未连接
2026-01-03 20:33:51.820 | DEBUG    | ------------------------------------------------------------
2026-01-03 20:33:51.820 | INFO     | 设置风扇 #3 速度
2026-01-03 20:33:51.820 | DEBUG    |   风扇索引: 2 (0-based)
2026-01-03 20:33:51.820 | DEBUG    |   速度百分比: 75.00%
2026-01-03 20:33:51.820 | DEBUG    |   PWM值: 750
2026-01-03 20:33:51.820 | DEBUG    |   寄存器地址: 0x0002
2026-01-03 20:33:51.820 | DEBUG    |   请求帧: 01 06 00 02 02 EE A9 26
2026-01-03 20:33:51.820 | ERROR    |   [ERROR] 失败: 未连接
2026-01-03 20:33:51.821 | DEBUG    | ------------------------------------------------------------
2026-01-03 20:33:51.821 | INFO     | 设置风扇 #4 速度
2026-01-03 20:33:51.821 | DEBUG    |   风扇索引: 3 (0-based)
2026-01-03 20:33:51.821 | DEBUG    |   速度百分比: 100.00%
2026-01-03 20:33:51.821 | DEBUG    |   PWM值: 1000
2026-01-03 20:33:51.821 | DEBUG    |   寄存器地址: 0x0003
2026-01-03 20:33:51.821 | DEBUG    |   请求帧: 01 06 00 03 03 E8 79 74
2026-01-03 20:33:51.821 | ERROR    |   [ERROR] 失败: 未连接
2026-01-03 20:33:51.821 | DEBUG    | ============================================================
2026-01-03 20:33:51.821 | INFO     | 设置所有风扇速度
2026-01-03 20:33:51.821 | DEBUG    |   速度百分比: 50.00%
2026-01-03 20:33:51.821 | DEBUG    |   PWM值: 500 (所有16个风扇)
2026-01-03 20:33:51.821 | DEBUG    |   起始地址: 0x0000
2026-01-03 20:33:51.821 | DEBUG    |   PWM列表: [500, 500, 500, 500, 500]...
2026-01-03 20:33:51.821 | DEBUG    |   请求长度: 41 字节
2026-01-03 20:33:51.821 | ERROR    |   [ERROR] 失败: 未连接
2026-01-03 20:33:51.821 | DEBUG    | ============================================================
2026-01-03 20:33:51.821 | INFO     | 分别设置每个风扇速度
2026-01-03 20:33:51.821 | DEBUG    |   风扇数量: 16
2026-01-03 20:33:51.821 | DEBUG    |   起始地址: 0x0000
2026-01-03 20:33:51.821 | DEBUG    |   请求长度: 41 字节
2026-01-03 20:33:51.821 | DEBUG    |   风扇#1: 0.0% -> PWM:0 -> 寄存器0x0000
2026-01-03 20:33:51.821 | DEBUG    |   风扇#2: 6.7% -> PWM:66 -> 寄存器0x0001
2026-01-03 20:33:51.821 | DEBUG    |   风扇#3: 13.3% -> PWM:133 -> 寄存器0x0002
2026-01-03 20:33:51.821 | DEBUG    |   风扇#4: 20.0% -> PWM:200 -> 寄存器0x0003
2026-01-03 20:33:51.822 | DEBUG    |   风扇#5: 26.7% -> PWM:266 -> 寄存器0x0004
2026-01-03 20:33:51.822 | DEBUG    |   风扇#6: 33.3% -> PWM:333 -> 寄存器0x0005
2026-01-03 20:33:51.822 | DEBUG    |   风扇#7: 40.0% -> PWM:400 -> 寄存器0x0006
2026-01-03 20:33:51.822 | DEBUG    |   风扇#8: 46.7% -> PWM:466 -> 寄存器0x0007
2026-01-03 20:33:51.822 | DEBUG    |   风扇#9: 53.3% -> PWM:533 -> 寄存器0x0008
2026-01-03 20:33:51.822 | DEBUG    |   风扇#10: 60.0% -> PWM:600 -> 寄存器0x0009
2026-01-03 20:33:51.822 | DEBUG    |   风扇#11: 66.7% -> PWM:666 -> 寄存器0x000A
2026-01-03 20:33:51.822 | DEBUG    |   风扇#12: 73.3% -> PWM:733 -> 寄存器0x000B
2026-01-03 20:33:51.822 | DEBUG    |   风扇#13: 80.0% -> PWM:800 -> 寄存器0x000C
2026-01-03 20:33:51.822 | DEBUG    |   风扇#14: 86.7% -> PWM:866 -> 寄存器0x000D
2026-01-03 20:33:51.822 | DEBUG    |   风扇#15: 93.3% -> PWM:933 -> 寄存器0x000E
2026-01-03 20:33:51.822 | DEBUG    |   风扇#16: 100.0% -> PWM:1000 -> 寄存器0x000F
2026-01-03 20:33:51.822 | ERROR    |   [ERROR] 失败: 未连接
2026-01-03 20:33:51.822 | DEBUG    | ============================================================
2026-01-03 20:33:51.822 | INFO     | 分别设置每个风扇速度
2026-01-03 20:33:51.822 | DEBUG    |   风扇数量: 16
2026-01-03 20:33:51.822 | DEBUG    |   起始地址: 0x0000
2026-01-03 20:33:51.822 | DEBUG    |   请求长度: 41 字节
2026-01-03 20:33:51.822 | DEBUG    |   风扇#1: 50.0% -> PWM:500 -> 寄存器0x0000
2026-01-03 20:33:51.822 | DEBUG    |   风扇#2: 64.4% -> PWM:643 -> 寄存器0x0001
2026-01-03 20:33:51.822 | DEBUG    |   风扇#3: 75.2% -> PWM:752 -> 寄存器0x0002
2026-01-03 20:33:51.822 | DEBUG    |   风扇#4: 79.9% -> PWM:799 -> 寄存器0x0003
2026-01-03 20:33:51.823 | DEBUG    |   风扇#5: 77.3% -> PWM:772 -> 寄存器0x0004
2026-01-03 20:33:51.823 | DEBUG    |   风扇#6: 68.0% -> PWM:679 -> 寄存器0x0005
2026-01-03 20:33:51.823 | DEBUG    |   风扇#7: 54.2% -> PWM:542 -> 寄存器0x0006
2026-01-03 20:33:51.823 | DEBUG    |   风扇#8: 39.5% -> PWM:394 -> 寄存器0x0007
2026-01-03 20:33:51.823 | DEBUG    |   风扇#9: 27.3% -> PWM:272 -> 寄存器0x0008
2026-01-03 20:33:51.823 | DEBUG    |   风扇#10: 20.7% -> PWM:206 -> 寄存器0x0009
2026-01-03 20:33:51.823 | DEBUG    |   风扇#11: 21.2% -> PWM:212 -> 寄存器0x000A
2026-01-03 20:33:51.823 | DEBUG    |   风扇#12: 28.8% -> PWM:288 -> 寄存器0x000B
2026-01-03 20:33:51.823 | DEBUG    |   风扇#13: 41.6% -> PWM:416 -> 寄存器0x000C
2026-01-03 20:33:51.823 | DEBUG    |   风扇#14: 56.5% -> PWM:564 -> 寄存器0x000D
2026-01-03 20:33:51.823 | DEBUG    |   风扇#15: 69.7% -> PWM:697 -> 寄存器0x000E
2026-01-03 20:33:51.823 | DEBUG    |   风扇#16: 78.1% -> PWM:781 -> 寄存器0x000F
2026-01-03 20:33:51.823 | ERROR    |   [ERROR] 失败: 未连接
2026-01-03 20:33:51.823 | DEBUG    | ============================================================
2026-01-03 20:33:51.823 | INFO     | 设置所有风扇速度
2026-01-03 20:33:51.823 | DEBUG    |   速度百分比: 0.00%
2026-01-03 20:33:51.823 | DEBUG    |   PWM值: 0 (所有16个风扇)
2026-01-03 20:33:51.823 | DEBUG    |   起始地址: 0x0000
2026-01-03 20:33:51.823 | DEBUG    |   PWM列表: [0, 0, 0, 0, 0]...
2026-01-03 20:33:51.823 | DEBUG    |   请求长度: 41 字节
2026-01-03 20:33:51.823 | ERROR    |   [ERROR] 失败: 未连接
2026-01-03 20:33:51.823 | INFO     | ============================================================
2026-01-03 20:33:51.823 | INFO     | 风扇控制统计
2026-01-03 20:33:51.823 | INFO     | 总命令数: 8
2026-01-03 20:33:51.823 | INFO     | 成功命令: 0
2026-01-03 20:33:51.823 | INFO     | 失败命令: 8
2026-01-03 20:33:51.823 | INFO     | 连接错误: 0
2026-01-03 20:33:51.824 | INFO     | 成功率: 0.0%
2026-01-03 20:33:51.824 | INFO     | ============================================================
