2026-01-03 20:32:46.218 | INFO     | ================================================================================
2026-01-03 20:32:46.218 | INFO     | 风扇控制日志文件: F:\A-User\cliff\frist\frist\hardware\fan_control\logs\fan_control_20260103_203246.log
2026-01-03 20:32:46.218 | INFO     | ================================================================================
2026-01-03 20:32:46.218 | INFO     | ================================================================================
2026-01-03 20:32:46.218 | INFO     | ModbusFanController 初始化
2026-01-03 20:32:46.218 | INFO     | 设备IP: 192.168.2.1:8234
2026-01-03 20:32:46.218 | INFO     | 风扇数量: 16
2026-01-03 20:32:46.233 | INFO     | 从站地址: 1
2026-01-03 20:32:46.233 | INFO     | 寄存器起始: 0x0000
2026-01-03 20:32:46.233 | INFO     | ================================================================================
2026-01-03 20:32:46.233 | DEBUG    | ------------------------------------------------------------
2026-01-03 20:32:46.233 | INFO     | 设置风扇 #1 速度
2026-01-03 20:32:46.233 | DEBUG    |   风扇索引: 0 (0-based)
2026-01-03 20:32:46.233 | DEBUG    |   速度百分比: 50.00%
2026-01-03 20:32:46.233 | DEBUG    |   PWM值: 500
2026-01-03 20:32:46.233 | DEBUG    |   寄存器地址: 0x0000
2026-01-03 20:32:46.233 | DEBUG    |   请求帧: 01 06 00 00 01 F4 89 DD
2026-01-03 20:32:46.233 | INFO     | ============================================================
2026-01-03 20:32:46.233 | INFO     | 风扇控制统计
2026-01-03 20:32:46.233 | INFO     | 总命令数: 1
2026-01-03 20:32:46.233 | INFO     | 成功命令: 0
2026-01-03 20:32:46.233 | INFO     | 失败命令: 1
2026-01-03 20:32:46.233 | INFO     | 连接错误: 0
2026-01-03 20:32:46.233 | INFO     | 成功率: 0.0%
2026-01-03 20:32:46.233 | INFO     | ============================================================
