2026-01-30 18:00:21.454 | INFO     | ================================================================================
2026-01-30 18:00:21.456 | INFO     | UDP发送日志文件: f:\A-User\cliff\allin\all\风场设置\main_control\logs\udp_send_20260130.log
2026-01-30 18:00:21.456 | INFO     | ================================================================================
2026-01-30 18:00:21.457 | WARNING  | 绑定到网口 192.168.1.101 失败: [WinError 10049] 在其上下文中，该请求的地址无效。
2026-01-30 18:00:21.457 | INFO     | ============================================================
2026-01-30 18:00:21.458 | INFO     | FanUDPSender 初始化完成 (新协议: 5字节包)
2026-01-30 18:00:21.458 | INFO     | 本地绑定网口: 192.168.1.101
2026-01-30 18:00:21.458 | INFO     | 电驱板起始IP: 192.168.1.1
2026-01-30 18:00:21.458 | INFO     | UDP端口: 5001
2026-01-30 18:00:21.459 | INFO     | IP范围: 192.168.1.1-100 (板ID 0-99)
2026-01-30 18:00:21.459 | INFO     | ============================================================
2026-01-30 18:00:21.459 | INFO     | 异步发送线程已启动
2026-01-30 18:00:28.708 | INFO     | 开始发送100个控制板数据（80字节批量包） (范围: 18.6%-92.9%)
2026-01-30 18:00:28.708 | INFO     | 调试: 板ID 0 的80字节数据包预览:
2026-01-30 18:00:28.709 | INFO     |   PWM值: [208, 196, 189, 186, 196, 188, 186, 188, 189, 186, 188, 196, 186, 188, 196, 209]
2026-01-30 18:00:28.709 | INFO     |   风扇ID映射: fan_id 0-3 = 第0行, fan_id 4-7 = 第1行, fan_id 8-11 = 第2行, fan_id 12-15 = 第3行
2026-01-30 18:00:28.722 | INFO     | 发送完成: 100成功/0失败, 耗时12ms
2026-01-30 18:00:30.453 | INFO     | 开始发送100个控制板数据（80字节批量包） (范围: 18.6%-92.9%)
2026-01-30 18:00:30.453 | INFO     | 调试: 板ID 0 的80字节数据包预览:
2026-01-30 18:00:30.454 | INFO     |   PWM值: [208, 196, 189, 186, 196, 188, 186, 188, 189, 186, 188, 196, 186, 188, 196, 209]
2026-01-30 18:00:30.454 | INFO     |   风扇ID映射: fan_id 0-3 = 第0行, fan_id 4-7 = 第1行, fan_id 8-11 = 第2行, fan_id 12-15 = 第3行
2026-01-30 18:00:30.460 | INFO     | 发送完成: 100成功/0失败, 耗时6ms
2026-01-30 18:00:30.571 | INFO     | 开始发送100个控制板数据（80字节批量包） (范围: 19.0%-92.5%)
2026-01-30 18:00:30.572 | INFO     | 调试: 板ID 0 的80字节数据包预览:
2026-01-30 18:00:30.573 | INFO     |   PWM值: [201, 193, 189, 190, 193, 189, 190, 196, 189, 190, 197, 208, 190, 196, 208, 226]
2026-01-30 18:00:30.573 | INFO     |   风扇ID映射: fan_id 0-3 = 第0行, fan_id 4-7 = 第1行, fan_id 8-11 = 第2行, fan_id 12-15 = 第3行
2026-01-30 18:00:30.586 | INFO     | 发送完成: 100成功/0失败, 耗时12ms
2026-01-30 18:00:30.587 | INFO     | 开始发送100个控制板数据（80字节批量包） (范围: 19.0%-92.5%)
2026-01-30 18:00:30.587 | INFO     | 调试: 板ID 0 的80字节数据包预览:
2026-01-30 18:00:30.588 | INFO     |   PWM值: [201, 193, 189, 190, 193, 189, 190, 196, 189, 190, 197, 208, 190, 196, 208, 226]
2026-01-30 18:00:30.588 | INFO     |   风扇ID映射: fan_id 0-3 = 第0行, fan_id 4-7 = 第1行, fan_id 8-11 = 第2行, fan_id 12-15 = 第3行
2026-01-30 18:00:30.602 | INFO     | 发送完成: 100成功/0失败, 耗时13ms
2026-01-30 18:00:30.764 | INFO     | 开始发送100个控制板数据（80字节批量包） (范围: 19.3%-92.1%)
2026-01-30 18:00:30.765 | INFO     | 调试: 板ID 0 的80字节数据包预览:
2026-01-30 18:00:30.765 | INFO     |   PWM值: [197, 192, 192, 197, 192, 193, 198, 208, 192, 198, 208, 224, 197, 208, 224, 245]
2026-01-30 18:00:30.765 | INFO     |   风扇ID映射: fan_id 0-3 = 第0行, fan_id 4-7 = 第1行, fan_id 8-11 = 第2行, fan_id 12-15 = 第3行
2026-01-30 18:00:30.772 | INFO     | 发送完成: 100成功/0失败, 耗时6ms
2026-01-30 18:00:30.773 | INFO     | 开始发送100个控制板数据（80字节批量包） (范围: 19.3%-92.1%)
2026-01-30 18:00:30.773 | INFO     | 调试: 板ID 0 的80字节数据包预览:
2026-01-30 18:00:30.774 | INFO     |   PWM值: [197, 192, 192, 197, 192, 193, 198, 208, 192, 198, 208, 224, 197, 208, 224, 245]
2026-01-30 18:00:30.774 | INFO     |   风扇ID映射: fan_id 0-3 = 第0行, fan_id 4-7 = 第1行, fan_id 8-11 = 第2行, fan_id 12-15 = 第3行
2026-01-30 18:00:30.780 | INFO     | 发送完成: 100成功/0失败, 耗时5ms
2026-01-30 18:00:30.803 | INFO     | 开始发送100个控制板数据（80字节批量包） (范围: 19.6%-91.7%)
2026-01-30 18:00:30.804 | INFO     | 调试: 板ID 0 的80字节数据包预览:
2026-01-30 18:00:30.805 | INFO     |   PWM值: [196, 195, 199, 207, 195, 199, 208, 222, 199, 208, 223, 242, 207, 222, 242, 267]
2026-01-30 18:00:30.806 | INFO     |   风扇ID映射: fan_id 0-3 = 第0行, fan_id 4-7 = 第1行, fan_id 8-11 = 第2行, fan_id 12-15 = 第3行
2026-01-30 18:00:30.838 | INFO     | 发送完成: 100成功/0失败, 耗时32ms
2026-01-30 18:00:30.839 | INFO     | 开始发送100个控制板数据（80字节批量包） (范围: 19.6%-91.7%)
2026-01-30 18:00:30.839 | INFO     | 调试: 板ID 0 的80字节数据包预览:
2026-01-30 18:00:30.839 | INFO     |   PWM值: [196, 195, 199, 207, 195, 199, 208, 222, 199, 208, 223, 242, 207, 222, 242, 267]
2026-01-30 18:00:30.840 | INFO     |   风扇ID映射: fan_id 0-3 = 第0行, fan_id 4-7 = 第1行, fan_id 8-11 = 第2行, fan_id 12-15 = 第3行
2026-01-30 18:00:30.855 | INFO     | 发送完成: 100成功/0失败, 耗时15ms
2026-01-30 18:00:30.978 | INFO     | 开始发送100个控制板数据（80字节批量包） (范围: 19.9%-91.2%)
2026-01-30 18:00:30.979 | INFO     | 调试: 板ID 0 的80字节数据包预览:
2026-01-30 18:00:30.980 | INFO     |   PWM值: [198, 201, 209, 220, 201, 209, 222, 239, 209, 222, 240, 263, 220, 239, 263, 291]
2026-01-30 18:00:30.981 | INFO     |   风扇ID映射: fan_id 0-3 = 第0行, fan_id 4-7 = 第1行, fan_id 8-11 = 第2行, fan_id 12-15 = 第3行
2026-01-30 18:00:30.990 | INFO     | 发送完成: 100成功/0失败, 耗时8ms
2026-01-30 18:00:30.991 | INFO     | 开始发送100个控制板数据（80字节批量包） (范围: 19.9%-91.2%)
2026-01-30 18:00:30.991 | INFO     | 调试: 板ID 0 的80字节数据包预览:
2026-01-30 18:00:30.991 | INFO     |   PWM值: [198, 201, 209, 220, 201, 209, 222, 239, 209, 222, 240, 263, 220, 239, 263, 291]
2026-01-30 18:00:30.992 | INFO     |   风扇ID映射: fan_id 0-3 = 第0行, fan_id 4-7 = 第1行, fan_id 8-11 = 第2行, fan_id 12-15 = 第3行
2026-01-30 18:00:30.997 | INFO     | 发送完成: 100成功/0失败, 耗时5ms
2026-01-30 18:00:31.160 | INFO     | 开始发送100个控制板数据（80字节批量包） (范围: 20.4%-90.8%)
2026-01-30 18:00:31.161 | INFO     | 调试: 板ID 0 的80字节数据包预览:
2026-01-30 18:00:31.161 | INFO     |   PWM值: [203, 210, 221, 236, 210, 222, 238, 259, 221, 238, 260, 286, 236, 259, 286, 317]
2026-01-30 18:00:31.162 | INFO     |   风扇ID映射: fan_id 0-3 = 第0行, fan_id 4-7 = 第1行, fan_id 8-11 = 第2行, fan_id 12-15 = 第3行
2026-01-30 18:00:31.166 | INFO     | 发送完成: 100成功/0失败, 耗时3ms
2026-01-30 18:00:31.167 | INFO     | 开始发送100个控制板数据（80字节批量包） (范围: 20.4%-90.8%)
2026-01-30 18:00:31.168 | INFO     | 调试: 板ID 0 的80字节数据包预览:
2026-01-30 18:00:31.170 | INFO     |   PWM值: [203, 210, 221, 236, 210, 222, 238, 259, 221, 238, 260, 286, 236, 259, 286, 317]
2026-01-30 18:00:31.171 | INFO     |   风扇ID映射: fan_id 0-3 = 第0行, fan_id 4-7 = 第1行, fan_id 8-11 = 第2行, fan_id 12-15 = 第3行
2026-01-30 18:00:31.180 | INFO     | 发送完成: 100成功/0失败, 耗时9ms
2026-01-30 18:00:31.213 | INFO     | 开始发送100个控制板数据（80字节批量包） (范围: 21.1%-90.4%)
2026-01-30 18:00:31.213 | INFO     | 调试: 板ID 0 的80字节数据包预览:
2026-01-30 18:00:31.214 | INFO     |   PWM值: [211, 221, 236, 255, 221, 237, 257, 281, 236, 257, 283, 312, 255, 281, 312, 345]
2026-01-30 18:00:31.214 | INFO     |   风扇ID映射: fan_id 0-3 = 第0行, fan_id 4-7 = 第1行, fan_id 8-11 = 第2行, fan_id 12-15 = 第3行
2026-01-30 18:00:31.224 | INFO     | 发送完成: 100成功/0失败, 耗时7ms
2026-01-30 18:00:31.365 | INFO     | 开始发送100个控制板数据（80字节批量包） (范围: 21.1%-90.4%)
2026-01-30 18:00:31.365 | INFO     | 调试: 板ID 0 的80字节数据包预览:
2026-01-30 18:00:31.366 | INFO     |   PWM值: [211, 221, 236, 255, 221, 237, 257, 281, 236, 257, 283, 312, 255, 281, 312, 345]
2026-01-30 18:00:31.366 | INFO     |   风扇ID映射: fan_id 0-3 = 第0行, fan_id 4-7 = 第1行, fan_id 8-11 = 第2行, fan_id 12-15 = 第3行
2026-01-30 18:00:31.373 | INFO     | 发送完成: 100成功/0失败, 耗时6ms
2026-01-30 18:00:31.374 | INFO     | 开始发送100个控制板数据（80字节批量包） (范围: 21.1%-90.4%)
2026-01-30 18:00:31.374 | INFO     | 调试: 板ID 0 的80字节数据包预览:
2026-01-30 18:00:31.374 | INFO     |   PWM值: [211, 221, 236, 255, 221, 237, 257, 281, 236, 257, 283, 312, 255, 281, 312, 345]
2026-01-30 18:00:31.375 | INFO     |   风扇ID映射: fan_id 0-3 = 第0行, fan_id 4-7 = 第1行, fan_id 8-11 = 第2行, fan_id 12-15 = 第3行
2026-01-30 18:00:31.380 | INFO     | 发送完成: 100成功/0失败, 耗时4ms
2026-01-30 18:00:31.454 | INFO     | 开始发送100个控制板数据（80字节批量包） (范围: 22.2%-90.0%)
2026-01-30 18:00:31.454 | INFO     | 调试: 板ID 0 的80字节数据包预览:
2026-01-30 18:00:31.455 | INFO     |   PWM值: [221, 236, 254, 276, 236, 255, 279, 305, 254, 279, 307, 339, 276, 305, 339, 375]
2026-01-30 18:00:31.455 | INFO     |   风扇ID映射: fan_id 0-3 = 第0行, fan_id 4-7 = 第1行, fan_id 8-11 = 第2行, fan_id 12-15 = 第3行
2026-01-30 18:00:31.547 | INFO     | 发送完成: 100成功/0失败, 耗时92ms
2026-01-30 18:00:31.548 | INFO     | 开始发送100个控制板数据（80字节批量包） (范围: 22.2%-90.0%)
2026-01-30 18:00:31.549 | INFO     | 调试: 板ID 0 的80字节数据包预览:
2026-01-30 18:00:31.549 | INFO     |   PWM值: [221, 236, 254, 276, 236, 255, 279, 305, 254, 279, 307, 339, 276, 305, 339, 375]
2026-01-30 18:00:31.550 | INFO     |   风扇ID映射: fan_id 0-3 = 第0行, fan_id 4-7 = 第1行, fan_id 8-11 = 第2行, fan_id 12-15 = 第3行
2026-01-30 18:00:31.559 | INFO     | 发送完成: 100成功/0失败, 耗时8ms
2026-01-30 18:00:31.642 | INFO     | 开始发送100个控制板数据（80字节批量包） (范围: 19.3%-89.6%)
2026-01-30 18:00:31.642 | INFO     | 调试: 板ID 0 的80字节数据包预览:
2026-01-30 18:00:31.643 | INFO     |   PWM值: [235, 253, 274, 299, 253, 276, 302, 332, 274, 302, 334, 368, 299, 332, 368, 406]
2026-01-30 18:00:31.643 | INFO     |   风扇ID映射: fan_id 0-3 = 第0行, fan_id 4-7 = 第1行, fan_id 8-11 = 第2行, fan_id 12-15 = 第3行
2026-01-30 18:00:31.716 | INFO     | 发送完成: 100成功/0失败, 耗时72ms
2026-01-30 18:00:31.717 | INFO     | 开始发送100个控制板数据（80字节批量包） (范围: 19.3%-89.6%)
2026-01-30 18:00:31.718 | INFO     | 调试: 板ID 0 的80字节数据包预览:
2026-01-30 18:00:31.719 | INFO     |   PWM值: [235, 253, 274, 299, 253, 276, 302, 332, 274, 302, 334, 368, 299, 332, 368, 406]
2026-01-30 18:00:31.719 | INFO     |   风扇ID映射: fan_id 0-3 = 第0行, fan_id 4-7 = 第1行, fan_id 8-11 = 第2行, fan_id 12-15 = 第3行
2026-01-30 18:00:31.742 | INFO     | 发送完成: 100成功/0失败, 耗时23ms
2026-01-30 18:00:31.802 | INFO     | 开始发送100个控制板数据（80字节批量包） (范围: 15.6%-89.2%)
2026-01-30 18:00:31.803 | INFO     | 调试: 板ID 0 的80字节数据包预览:
2026-01-30 18:00:31.805 | INFO     |   PWM值: [251, 272, 297, 324, 272, 298, 328, 360, 297, 328, 362, 398, 324, 360, 398, 437]
2026-01-30 18:00:31.807 | INFO     |   风扇ID映射: fan_id 0-3 = 第0行, fan_id 4-7 = 第1行, fan_id 8-11 = 第2行, fan_id 12-15 = 第3行
2026-01-30 18:00:31.885 | INFO     | 发送完成: 100成功/0失败, 耗时77ms
2026-01-30 18:00:31.887 | INFO     | 开始发送100个控制板数据（80字节批量包） (范围: 15.6%-89.2%)
2026-01-30 18:00:31.887 | INFO     | 调试: 板ID 0 的80字节数据包预览:
2026-01-30 18:00:31.888 | INFO     |   PWM值: [251, 272, 297, 324, 272, 298, 328, 360, 297, 328, 362, 398, 324, 360, 398, 437]
2026-01-30 18:00:31.888 | INFO     |   风扇ID映射: fan_id 0-3 = 第0行, fan_id 4-7 = 第1行, fan_id 8-11 = 第2行, fan_id 12-15 = 第3行
2026-01-30 18:00:31.914 | INFO     | 发送完成: 100成功/0失败, 耗时25ms
2026-01-30 18:00:31.976 | INFO     | 开始发送100个控制板数据（80字节批量包） (范围: 12.2%-88.9%)
2026-01-30 18:00:31.976 | INFO     | 调试: 板ID 0 的80字节数据包预览:
2026-01-30 18:00:31.977 | INFO     |   PWM值: [270, 294, 321, 351, 294, 323, 355, 389, 321, 355, 391, 429, 351, 389, 429, 470]
2026-01-30 18:00:31.978 | INFO     |   风扇ID映射: fan_id 0-3 = 第0行, fan_id 4-7 = 第1行, fan_id 8-11 = 第2行, fan_id 12-15 = 第3行
2026-01-30 18:00:32.049 | INFO     | 发送完成: 100成功/0失败, 耗时70ms
2026-01-30 18:00:32.050 | INFO     | 开始发送100个控制板数据（80字节批量包） (范围: 12.2%-88.9%)
2026-01-30 18:00:32.050 | INFO     | 调试: 板ID 0 的80字节数据包预览:
2026-01-30 18:00:32.051 | INFO     |   PWM值: [270, 294, 321, 351, 294, 323, 355, 389, 321, 355, 391, 429, 351, 389, 429, 470]
2026-01-30 18:00:32.052 | INFO     |   风扇ID映射: fan_id 0-3 = 第0行, fan_id 4-7 = 第1行, fan_id 8-11 = 第2行, fan_id 12-15 = 第3行
2026-01-30 18:00:32.068 | INFO     | 发送完成: 100成功/0失败, 耗时16ms
2026-01-30 18:00:32.144 | INFO     | 开始发送100个控制板数据（80字节批量包） (范围: 9.2%-88.5%)
2026-01-30 18:00:32.144 | INFO     | 调试: 板ID 0 的80字节数据包预览:
2026-01-30 18:00:32.145 | INFO     |   PWM值: [291, 318, 348, 380, 318, 349, 384, 419, 348, 384, 421, 461, 380, 419, 461, 503]
2026-01-30 18:00:32.145 | INFO     |   风扇ID映射: fan_id 0-3 = 第0行, fan_id 4-7 = 第1行, fan_id 8-11 = 第2行, fan_id 12-15 = 第3行
2026-01-30 18:00:32.220 | INFO     | 发送完成: 100成功/0失败, 耗时74ms
2026-01-30 18:00:32.223 | INFO     | 开始发送100个控制板数据（80字节批量包） (范围: 9.2%-88.5%)
2026-01-30 18:00:32.228 | INFO     | 调试: 板ID 0 的80字节数据包预览:
2026-01-30 18:00:32.231 | INFO     |   PWM值: [291, 318, 348, 380, 318, 349, 384, 419, 348, 384, 421, 461, 380, 419, 461, 503]
2026-01-30 18:00:32.231 | INFO     |   风扇ID映射: fan_id 0-3 = 第0行, fan_id 4-7 = 第1行, fan_id 8-11 = 第2行, fan_id 12-15 = 第3行
2026-01-30 18:00:32.246 | INFO     | 发送完成: 100成功/0失败, 耗时14ms
2026-01-30 18:00:32.281 | INFO     | 开始发送100个控制板数据（80字节批量包） (范围: 6.7%-88.1%)
2026-01-30 18:00:32.281 | INFO     | 调试: 板ID 0 的80字节数据包预览:
2026-01-30 18:00:32.282 | INFO     |   PWM值: [314, 343, 375, 409, 343, 377, 413, 450, 375, 413, 453, 493, 409, 450, 493, 535]
2026-01-30 18:00:32.282 | INFO     |   风扇ID映射: fan_id 0-3 = 第0行, fan_id 4-7 = 第1行, fan_id 8-11 = 第2行, fan_id 12-15 = 第3行
2026-01-30 18:00:32.314 | INFO     | 发送完成: 100成功/0失败, 耗时31ms
2026-01-30 18:00:32.314 | INFO     | 开始发送100个控制板数据（80字节批量包） (范围: 6.7%-88.1%)
2026-01-30 18:00:32.315 | INFO     | 调试: 板ID 0 的80字节数据包预览:
2026-01-30 18:00:32.315 | INFO     |   PWM值: [314, 343, 375, 409, 343, 377, 413, 450, 375, 413, 453, 493, 409, 450, 493, 535]
2026-01-30 18:00:32.315 | INFO     |   风扇ID映射: fan_id 0-3 = 第0行, fan_id 4-7 = 第1行, fan_id 8-11 = 第2行, fan_id 12-15 = 第3行
2026-01-30 18:00:32.320 | INFO     | 发送完成: 100成功/0失败, 耗时5ms
2026-01-30 18:00:32.473 | INFO     | 开始发送100个控制板数据（80字节批量包） (范围: 4.5%-87.7%)
2026-01-30 18:00:32.474 | INFO     | 调试: 板ID 0 的80字节数据包预览:
2026-01-30 18:00:32.474 | INFO     |   PWM值: [338, 371, 405, 440, 371, 407, 444, 482, 405, 444, 484, 525, 440, 482, 525, 567]
2026-01-30 18:00:32.475 | INFO     |   风扇ID映射: fan_id 0-3 = 第0行, fan_id 4-7 = 第1行, fan_id 8-11 = 第2行, fan_id 12-15 = 第3行
2026-01-30 18:00:32.480 | INFO     | 发送完成: 100成功/0失败, 耗时5ms
2026-01-30 18:00:32.481 | INFO     | 开始发送100个控制板数据（80字节批量包） (范围: 4.5%-87.7%)
2026-01-30 18:00:32.481 | INFO     | 调试: 板ID 0 的80字节数据包预览:
2026-01-30 18:00:32.481 | INFO     |   PWM值: [338, 371, 405, 440, 371, 407, 444, 482, 405, 444, 484, 525, 440, 482, 525, 567]
2026-01-30 18:00:32.487 | INFO     |   风扇ID映射: fan_id 0-3 = 第0行, fan_id 4-7 = 第1行, fan_id 8-11 = 第2行, fan_id 12-15 = 第3行
2026-01-30 18:00:32.496 | INFO     | 发送完成: 100成功/0失败, 耗时9ms
2026-01-30 18:00:32.529 | INFO     | 开始发送100个控制板数据（80字节批量包） (范围: 2.8%-87.3%)
2026-01-30 18:00:32.530 | INFO     | 调试: 板ID 0 的80字节数据包预览:
2026-01-30 18:00:32.531 | INFO     |   PWM值: [365, 399, 435, 471, 399, 437, 475, 514, 435, 475, 516, 557, 471, 514, 557, 599]
2026-01-30 18:00:32.536 | INFO     |   风扇ID映射: fan_id 0-3 = 第0行, fan_id 4-7 = 第1行, fan_id 8-11 = 第2行, fan_id 12-15 = 第3行
2026-01-30 18:00:32.554 | INFO     | 发送完成: 100成功/0失败, 耗时10ms
2026-01-30 18:00:32.555 | INFO     | 开始发送100个控制板数据（80字节批量包） (范围: 2.8%-87.3%)
2026-01-30 18:00:32.555 | INFO     | 调试: 板ID 0 的80字节数据包预览:
2026-01-30 18:00:32.556 | INFO     |   PWM值: [365, 399, 435, 471, 399, 437, 475, 514, 435, 475, 516, 557, 471, 514, 557, 599]
2026-01-30 18:00:32.556 | INFO     |   风扇ID映射: fan_id 0-3 = 第0行, fan_id 4-7 = 第1行, fan_id 8-11 = 第2行, fan_id 12-15 = 第3行
2026-01-30 18:00:32.560 | INFO     | 发送完成: 100成功/0失败, 耗时3ms
2026-01-30 18:00:32.686 | INFO     | 开始发送100个控制板数据（80字节批量包） (范围: 1.6%-87.0%)
2026-01-30 18:00:32.687 | INFO     | 调试: 板ID 0 的80字节数据包预览:
2026-01-30 18:00:32.688 | INFO     |   PWM值: [393, 428, 465, 502, 428, 467, 507, 546, 465, 507, 548, 588, 502, 546, 588, 630]
2026-01-30 18:00:32.689 | INFO     |   风扇ID映射: fan_id 0-3 = 第0行, fan_id 4-7 = 第1行, fan_id 8-11 = 第2行, fan_id 12-15 = 第3行
2026-01-30 18:00:32.706 | INFO     | 发送完成: 100成功/0失败, 耗时16ms
2026-01-30 18:00:32.707 | INFO     | 开始发送100个控制板数据（80字节批量包） (范围: 1.6%-87.0%)
2026-01-30 18:00:32.707 | INFO     | 调试: 板ID 0 的80字节数据包预览:
2026-01-30 18:00:32.707 | INFO     |   PWM值: [393, 428, 465, 502, 428, 467, 507, 546, 465, 507, 548, 588, 502, 546, 588, 630]
2026-01-30 18:00:32.708 | INFO     |   风扇ID映射: fan_id 0-3 = 第0行, fan_id 4-7 = 第1行, fan_id 8-11 = 第2行, fan_id 12-15 = 第3行
2026-01-30 18:00:32.716 | INFO     | 发送完成: 100成功/0失败, 耗时8ms
2026-01-30 18:00:32.764 | INFO     | 开始发送100个控制板数据（80字节批量包） (范围: 0.9%-86.6%)
2026-01-30 18:00:32.764 | INFO     | 调试: 板ID 0 的80字节数据包预览:
2026-01-30 18:00:32.765 | INFO     |   PWM值: [422, 459, 496, 534, 459, 498, 538, 577, 496, 538, 579, 619, 534, 577, 619, 659]
2026-01-30 18:00:32.766 | INFO     |   风扇ID映射: fan_id 0-3 = 第0行, fan_id 4-7 = 第1行, fan_id 8-11 = 第2行, fan_id 12-15 = 第3行
2026-01-30 18:00:32.858 | INFO     | 发送完成: 100成功/0失败, 耗时91ms
2026-01-30 18:00:32.860 | INFO     | 开始发送100个控制板数据（80字节批量包） (范围: 0.9%-86.6%)
2026-01-30 18:00:32.860 | INFO     | 调试: 板ID 0 的80字节数据包预览:
2026-01-30 18:00:32.861 | INFO     |   PWM值: [422, 459, 496, 534, 459, 498, 538, 577, 496, 538, 579, 619, 534, 577, 619, 659]
2026-01-30 18:00:32.861 | INFO     |   风扇ID映射: fan_id 0-3 = 第0行, fan_id 4-7 = 第1行, fan_id 8-11 = 第2行, fan_id 12-15 = 第3行
2026-01-30 18:00:32.888 | INFO     | 发送完成: 100成功/0失败, 耗时27ms
2026-01-30 18:00:32.951 | INFO     | 开始发送100个控制板数据（80字节批量包） (范围: 0.6%-86.2%)
2026-01-30 18:00:32.952 | INFO     | 调试: 板ID 0 的80字节数据包预览:
2026-01-30 18:00:32.953 | INFO     |   PWM值: [451, 489, 527, 565, 489, 529, 569, 607, 527, 569, 610, 648, 565, 607, 648, 687]
2026-01-30 18:00:32.953 | INFO     |   风扇ID映射: fan_id 0-3 = 第0行, fan_id 4-7 = 第1行, fan_id 8-11 = 第2行, fan_id 12-15 = 第3行
2026-01-30 18:00:33.037 | INFO     | 发送完成: 100成功/0失败, 耗时83ms
2026-01-30 18:00:33.038 | INFO     | 开始发送100个控制板数据（80字节批量包） (范围: 0.6%-86.2%)
2026-01-30 18:00:33.038 | INFO     | 调试: 板ID 0 的80字节数据包预览:
2026-01-30 18:00:33.039 | INFO     |   PWM值: [451, 489, 527, 565, 489, 529, 569, 607, 527, 569, 610, 648, 565, 607, 648, 687]
2026-01-30 18:00:33.039 | INFO     |   风扇ID映射: fan_id 0-3 = 第0行, fan_id 4-7 = 第1行, fan_id 8-11 = 第2行, fan_id 12-15 = 第3行
2026-01-30 18:00:33.064 | INFO     | 发送完成: 100成功/0失败, 耗时24ms
2026-01-30 18:00:33.126 | INFO     | 开始发送100个控制板数据（80字节批量包） (范围: 0.9%-85.9%)
2026-01-30 18:00:33.126 | INFO     | 调试: 板ID 0 的80字节数据包预览:
2026-01-30 18:00:33.126 | INFO     |   PWM值: [481, 520, 558, 595, 520, 560, 599, 637, 558, 599, 639, 676, 595, 637, 676, 712]
2026-01-30 18:00:33.127 | INFO     |   风扇ID映射: fan_id 0-3 = 第0行, fan_id 4-7 = 第1行, fan_id 8-11 = 第2行, fan_id 12-15 = 第3行
2026-01-30 18:00:33.201 | INFO     | 发送完成: 100成功/0失败, 耗时74ms
2026-01-30 18:00:33.203 | INFO     | 开始发送100个控制板数据（80字节批量包） (范围: 0.9%-85.9%)
2026-01-30 18:00:33.204 | INFO     | 调试: 板ID 0 的80字节数据包预览:
2026-01-30 18:00:33.204 | INFO     |   PWM值: [481, 520, 558, 595, 520, 560, 599, 637, 558, 599, 639, 676, 595, 637, 676, 712]
2026-01-30 18:00:33.206 | INFO     |   风扇ID映射: fan_id 0-3 = 第0行, fan_id 4-7 = 第1行, fan_id 8-11 = 第2行, fan_id 12-15 = 第3行
2026-01-30 18:00:33.229 | INFO     | 发送完成: 100成功/0失败, 耗时17ms
2026-01-30 18:00:33.289 | INFO     | 开始发送100个控制板数据（80字节批量包） (范围: 1.5%-85.5%)
2026-01-30 18:00:33.289 | INFO     | 调试: 板ID 0 的80字节数据包预览:
2026-01-30 18:00:33.291 | INFO     |   PWM值: [512, 550, 588, 624, 550, 590, 629, 665, 588, 629, 667, 702, 624, 665, 702, 736]
2026-01-30 18:00:33.291 | INFO     |   风扇ID映射: fan_id 0-3 = 第0行, fan_id 4-7 = 第1行, fan_id 8-11 = 第2行, fan_id 12-15 = 第3行
2026-01-30 18:00:33.389 | INFO     | 发送完成: 100成功/0失败, 耗时97ms
2026-01-30 18:00:33.390 | INFO     | 开始发送100个控制板数据（80字节批量包） (范围: 1.5%-85.5%)
2026-01-30 18:00:33.390 | INFO     | 调试: 板ID 0 的80字节数据包预览:
2026-01-30 18:00:33.391 | INFO     |   PWM值: [512, 550, 588, 624, 550, 590, 629, 665, 588, 629, 667, 702, 624, 665, 702, 736]
2026-01-30 18:00:33.392 | INFO     |   风扇ID映射: fan_id 0-3 = 第0行, fan_id 4-7 = 第1行, fan_id 8-11 = 第2行, fan_id 12-15 = 第3行
2026-01-30 18:00:33.420 | INFO     | 发送完成: 100成功/0失败, 耗时27ms
2026-01-30 18:00:33.480 | INFO     | 开始发送100个控制板数据（80字节批量包） (范围: 1.9%-85.2%)
2026-01-30 18:00:33.480 | INFO     | 调试: 板ID 0 的80字节数据包预览:
2026-01-30 18:00:33.480 | INFO     |   PWM值: [542, 580, 617, 653, 580, 619, 657, 691, 617, 657, 693, 726, 653, 691, 726, 757]
2026-01-30 18:00:33.481 | INFO     |   风扇ID映射: fan_id 0-3 = 第0行, fan_id 4-7 = 第1行, fan_id 8-11 = 第2行, fan_id 12-15 = 第3行
2026-01-30 18:00:33.556 | INFO     | 发送完成: 100成功/0失败, 耗时73ms
2026-01-30 18:00:33.558 | INFO     | 开始发送100个控制板数据（80字节批量包） (范围: 1.9%-85.2%)
2026-01-30 18:00:33.567 | INFO     | 调试: 板ID 0 的80字节数据包预览:
2026-01-30 18:00:33.572 | INFO     |   PWM值: [542, 580, 617, 653, 580, 619, 657, 691, 617, 657, 693, 726, 653, 691, 726, 757]
2026-01-30 18:00:33.573 | INFO     |   风扇ID映射: fan_id 0-3 = 第0行, fan_id 4-7 = 第1行, fan_id 8-11 = 第2行, fan_id 12-15 = 第3行
2026-01-30 18:00:33.580 | INFO     | 发送完成: 100成功/0失败, 耗时7ms
2026-01-30 18:00:33.614 | INFO     | 开始发送100个控制板数据（80字节批量包） (范围: 2.4%-84.8%)
2026-01-30 18:00:33.614 | INFO     | 调试: 板ID 0 的80字节数据包预览:
2026-01-30 18:00:33.615 | INFO     |   PWM值: [571, 609, 645, 679, 609, 647, 683, 716, 645, 683, 717, 748, 679, 716, 748, 776]
2026-01-30 18:00:33.615 | INFO     |   风扇ID映射: fan_id 0-3 = 第0行, fan_id 4-7 = 第1行, fan_id 8-11 = 第2行, fan_id 12-15 = 第3行
2026-01-30 18:00:33.646 | INFO     | 发送完成: 100成功/0失败, 耗时30ms
2026-01-30 18:00:33.647 | INFO     | 开始发送100个控制板数据（80字节批量包） (范围: 2.4%-84.8%)
2026-01-30 18:00:33.648 | INFO     | 调试: 板ID 0 的80字节数据包预览:
2026-01-30 18:00:33.648 | INFO     |   PWM值: [571, 609, 645, 679, 609, 647, 683, 716, 645, 683, 717, 748, 679, 716, 748, 776]
2026-01-30 18:00:33.649 | INFO     |   风扇ID映射: fan_id 0-3 = 第0行, fan_id 4-7 = 第1行, fan_id 8-11 = 第2行, fan_id 12-15 = 第3行
2026-01-30 18:00:33.654 | INFO     | 发送完成: 100成功/0失败, 耗时5ms
2026-01-30 18:00:33.782 | INFO     | 开始发送100个控制板数据（80字节批量包） (范围: 2.8%-84.5%)
2026-01-30 18:00:33.782 | INFO     | 调试: 板ID 0 的80字节数据包预览:
2026-01-30 18:00:33.783 | INFO     |   PWM值: [600, 637, 672, 704, 637, 674, 708, 738, 672, 708, 740, 767, 704, 738, 767, 792]
2026-01-30 18:00:33.784 | INFO     |   风扇ID映射: fan_id 0-3 = 第0行, fan_id 4-7 = 第1行, fan_id 8-11 = 第2行, fan_id 12-15 = 第3行
2026-01-30 18:00:33.789 | INFO     | 发送完成: 100成功/0失败, 耗时4ms
2026-01-30 18:00:33.790 | INFO     | 开始发送100个控制板数据（80字节批量包） (范围: 2.8%-84.5%)
2026-01-30 18:00:33.790 | INFO     | 调试: 板ID 0 的80字节数据包预览:
2026-01-30 18:00:33.790 | INFO     |   PWM值: [600, 637, 672, 704, 637, 674, 708, 738, 672, 708, 740, 767, 704, 738, 767, 792]
2026-01-30 18:00:33.791 | INFO     |   风扇ID映射: fan_id 0-3 = 第0行, fan_id 4-7 = 第1行, fan_id 8-11 = 第2行, fan_id 12-15 = 第3行
2026-01-30 18:00:33.795 | INFO     | 发送完成: 100成功/0失败, 耗时4ms
2026-01-30 18:00:33.839 | INFO     | 开始发送100个控制板数据（80字节批量包） (范围: 3.3%-84.1%)
2026-01-30 18:00:33.839 | INFO     | 调试: 板ID 0 的80字节数据包预览:
2026-01-30 18:00:33.840 | INFO     |   PWM值: [628, 664, 697, 727, 664, 699, 730, 758, 697, 730, 759, 784, 727, 758, 784, 805]
2026-01-30 18:00:33.840 | INFO     |   风扇ID映射: fan_id 0-3 = 第0行, fan_id 4-7 = 第1行, fan_id 8-11 = 第2行, fan_id 12-15 = 第3行
2026-01-30 18:00:33.869 | INFO     | 发送完成: 100成功/0失败, 耗时28ms
2026-01-30 18:00:33.870 | INFO     | 开始发送100个控制板数据（80字节批量包） (范围: 3.3%-84.1%)
2026-01-30 18:00:33.870 | INFO     | 调试: 板ID 0 的80字节数据包预览:
2026-01-30 18:00:33.870 | INFO     |   PWM值: [628, 664, 697, 727, 664, 699, 730, 758, 697, 730, 759, 784, 727, 758, 784, 805]
2026-01-30 18:00:33.871 | INFO     |   风扇ID映射: fan_id 0-3 = 第0行, fan_id 4-7 = 第1行, fan_id 8-11 = 第2行, fan_id 12-15 = 第3行
2026-01-30 18:00:33.876 | INFO     | 发送完成: 100成功/0失败, 耗时5ms
2026-01-30 18:00:34.010 | INFO     | 开始发送100个控制板数据（80字节批量包） (范围: 3.8%-83.8%)
2026-01-30 18:00:34.010 | INFO     | 调试: 板ID 0 的80字节数据包预览:
2026-01-30 18:00:34.010 | INFO     |   PWM值: [655, 689, 720, 747, 689, 722, 750, 775, 720, 750, 776, 798, 747, 775, 798, 815]
2026-01-30 18:00:34.011 | INFO     |   风扇ID映射: fan_id 0-3 = 第0行, fan_id 4-7 = 第1行, fan_id 8-11 = 第2行, fan_id 12-15 = 第3行
2026-01-30 18:00:34.016 | INFO     | 发送完成: 100成功/0失败, 耗时5ms
2026-01-30 18:00:34.017 | INFO     | 开始发送100个控制板数据（80字节批量包） (范围: 3.8%-83.8%)
2026-01-30 18:00:34.017 | INFO     | 调试: 板ID 0 的80字节数据包预览:
2026-01-30 18:00:34.017 | INFO     |   PWM值: [655, 689, 720, 747, 689, 722, 750, 775, 720, 750, 776, 798, 747, 775, 798, 815]
2026-01-30 18:00:34.018 | INFO     |   风扇ID映射: fan_id 0-3 = 第0行, fan_id 4-7 = 第1行, fan_id 8-11 = 第2行, fan_id 12-15 = 第3行
2026-01-30 18:00:34.022 | INFO     | 发送完成: 100成功/0失败, 耗时3ms
2026-01-30 18:00:34.073 | INFO     | 开始发送100个控制板数据（80字节批量包） (范围: 4.2%-83.4%)
2026-01-30 18:00:34.079 | INFO     | 调试: 板ID 0 的80字节数据包预览:
2026-01-30 18:00:34.081 | INFO     |   PWM值: [680, 712, 741, 765, 712, 742, 768, 789, 741, 768, 791, 808, 765, 789, 808, 822]
2026-01-30 18:00:34.081 | INFO     |   风扇ID映射: fan_id 0-3 = 第0行, fan_id 4-7 = 第1行, fan_id 8-11 = 第2行, fan_id 12-15 = 第3行
2026-01-30 18:00:34.091 | INFO     | 发送完成: 100成功/0失败, 耗时4ms
2026-01-30 18:00:34.091 | INFO     | 开始发送100个控制板数据（80字节批量包） (范围: 4.2%-83.4%)
2026-01-30 18:00:34.091 | INFO     | 调试: 板ID 0 的80字节数据包预览:
2026-01-30 18:00:34.092 | INFO     |   PWM值: [680, 712, 741, 765, 712, 742, 768, 789, 741, 768, 791, 808, 765, 789, 808, 822]
2026-01-30 18:00:34.092 | INFO     |   风扇ID映射: fan_id 0-3 = 第0行, fan_id 4-7 = 第1行, fan_id 8-11 = 第2行, fan_id 12-15 = 第3行
2026-01-30 18:00:34.096 | INFO     | 发送完成: 100成功/0失败, 耗时4ms
2026-01-30 18:00:34.225 | INFO     | 开始发送100个控制板数据（80字节批量包） (范围: 4.7%-83.1%)
2026-01-30 18:00:34.226 | INFO     | 调试: 板ID 0 的80字节数据包预览:
2026-01-30 18:00:34.227 | INFO     |   PWM值: [704, 733, 759, 781, 733, 760, 783, 801, 759, 783, 802, 816, 781, 801, 816, 826]
2026-01-30 18:00:34.228 | INFO     |   风扇ID映射: fan_id 0-3 = 第0行, fan_id 4-7 = 第1行, fan_id 8-11 = 第2行, fan_id 12-15 = 第3行
2026-01-30 18:00:34.232 | INFO     | 发送完成: 100成功/0失败, 耗时3ms
2026-01-30 18:00:34.232 | INFO     | 开始发送100个控制板数据（80字节批量包） (范围: 4.7%-83.1%)
2026-01-30 18:00:34.233 | INFO     | 调试: 板ID 0 的80字节数据包预览:
2026-01-30 18:00:34.234 | INFO     |   PWM值: [704, 733, 759, 781, 733, 760, 783, 801, 759, 783, 802, 816, 781, 801, 816, 826]
2026-01-30 18:00:34.234 | INFO     |   风扇ID映射: fan_id 0-3 = 第0行, fan_id 4-7 = 第1行, fan_id 8-11 = 第2行, fan_id 12-15 = 第3行
2026-01-30 18:00:34.241 | INFO     | 发送完成: 100成功/0失败, 耗时6ms
2026-01-30 18:00:34.291 | INFO     | 开始发送100个控制板数据（80字节批量包） (范围: 5.1%-82.8%)
2026-01-30 18:00:34.297 | INFO     | 调试: 板ID 0 的80字节数据包预览:
2026-01-30 18:00:34.298 | INFO     |   PWM值: [725, 752, 775, 793, 752, 776, 795, 810, 775, 795, 810, 821, 793, 810, 821, 826]
2026-01-30 18:00:34.299 | INFO     |   风扇ID映射: fan_id 0-3 = 第0行, fan_id 4-7 = 第1行, fan_id 8-11 = 第2行, fan_id 12-15 = 第3行
2026-01-30 18:00:34.309 | INFO     | 发送完成: 100成功/0失败, 耗时4ms
2026-01-30 18:00:34.309 | INFO     | 开始发送100个控制板数据（80字节批量包） (范围: 5.1%-82.8%)
2026-01-30 18:00:34.309 | INFO     | 调试: 板ID 0 的80字节数据包预览:
2026-01-30 18:00:34.310 | INFO     |   PWM值: [725, 752, 775, 793, 752, 776, 795, 810, 775, 795, 810, 821, 793, 810, 821, 826]
2026-01-30 18:00:34.312 | INFO     |   风扇ID映射: fan_id 0-3 = 第0行, fan_id 4-7 = 第1行, fan_id 8-11 = 第2行, fan_id 12-15 = 第3行
2026-01-30 18:00:34.320 | INFO     | 发送完成: 100成功/0失败, 耗时7ms
2026-01-30 18:00:34.465 | INFO     | 开始发送100个控制板数据（80字节批量包） (范围: 5.6%-82.5%)
2026-01-30 18:00:34.466 | INFO     | 调试: 板ID 0 的80字节数据包预览:
2026-01-30 18:00:34.467 | INFO     |   PWM值: [744, 768, 787, 803, 768, 788, 804, 815, 787, 804, 816, 822, 803, 815, 822, 823]
2026-01-30 18:00:34.468 | INFO     |   风扇ID映射: fan_id 0-3 = 第0行, fan_id 4-7 = 第1行, fan_id 8-11 = 第2行, fan_id 12-15 = 第3行
2026-01-30 18:00:34.473 | INFO     | 发送完成: 100成功/0失败, 耗时4ms
2026-01-30 18:00:34.474 | INFO     | 开始发送100个控制板数据（80字节批量包） (范围: 5.6%-82.5%)
2026-01-30 18:00:34.474 | INFO     | 调试: 板ID 0 的80字节数据包预览:
2026-01-30 18:00:34.474 | INFO     |   PWM值: [744, 768, 787, 803, 768, 788, 804, 815, 787, 804, 816, 822, 803, 815, 822, 823]
2026-01-30 18:00:34.475 | INFO     |   风扇ID映射: fan_id 0-3 = 第0行, fan_id 4-7 = 第1行, fan_id 8-11 = 第2行, fan_id 12-15 = 第3行
2026-01-30 18:00:34.479 | INFO     | 发送完成: 100成功/0失败, 耗时4ms
2026-01-30 18:00:34.513 | INFO     | 开始发送100个控制板数据（80字节批量包） (范围: 6.0%-82.1%)
2026-01-30 18:00:34.513 | INFO     | 调试: 板ID 0 的80字节数据包预览:
2026-01-30 18:00:34.514 | INFO     |   PWM值: [761, 781, 798, 809, 781, 798, 810, 818, 798, 810, 818, 820, 809, 818, 820, 817]
2026-01-30 18:00:34.514 | INFO     |   风扇ID映射: fan_id 0-3 = 第0行, fan_id 4-7 = 第1行, fan_id 8-11 = 第2行, fan_id 12-15 = 第3行
2026-01-30 18:00:34.521 | INFO     | 发送完成: 100成功/0失败, 耗时6ms
2026-01-30 18:00:34.521 | INFO     | 开始发送100个控制板数据（80字节批量包） (范围: 6.0%-82.1%)
2026-01-30 18:00:34.521 | INFO     | 调试: 板ID 0 的80字节数据包预览:
2026-01-30 18:00:34.522 | INFO     |   PWM值: [761, 781, 798, 809, 781, 798, 810, 818, 798, 810, 818, 820, 809, 818, 820, 817]
2026-01-30 18:00:34.522 | INFO     |   风扇ID映射: fan_id 0-3 = 第0行, fan_id 4-7 = 第1行, fan_id 8-11 = 第2行, fan_id 12-15 = 第3行
2026-01-30 18:00:34.527 | INFO     | 发送完成: 100成功/0失败, 耗时4ms
2026-01-30 18:00:34.670 | INFO     | 开始发送100个控制板数据（80字节批量包） (范围: 6.4%-81.8%)
2026-01-30 18:00:34.670 | INFO     | 调试: 板ID 0 的80字节数据包预览:
2026-01-30 18:00:34.671 | INFO     |   PWM值: [774, 792, 805, 813, 792, 805, 813, 817, 805, 813, 817, 815, 813, 817, 815, 807]
2026-01-30 18:00:34.672 | INFO     |   风扇ID映射: fan_id 0-3 = 第0行, fan_id 4-7 = 第1行, fan_id 8-11 = 第2行, fan_id 12-15 = 第3行
2026-01-30 18:00:34.676 | INFO     | 发送完成: 100成功/0失败, 耗时4ms
2026-01-30 18:00:34.676 | INFO     | 开始发送100个控制板数据（80字节批量包） (范围: 6.4%-81.8%)
2026-01-30 18:00:34.677 | INFO     | 调试: 板ID 0 的80字节数据包预览:
2026-01-30 18:00:34.678 | INFO     |   PWM值: [774, 792, 805, 813, 792, 805, 813, 817, 805, 813, 817, 815, 813, 817, 815, 807]
2026-01-30 18:00:34.679 | INFO     |   风扇ID映射: fan_id 0-3 = 第0行, fan_id 4-7 = 第1行, fan_id 8-11 = 第2行, fan_id 12-15 = 第3行
2026-01-30 18:00:34.689 | INFO     | 发送完成: 100成功/0失败, 耗时7ms
2026-01-30 18:00:34.713 | INFO     | 开始发送100个控制板数据（80字节批量包） (范围: 6.9%-81.5%)
2026-01-30 18:00:34.714 | INFO     | 调试: 板ID 0 的80字节数据包预览:
2026-01-30 18:00:34.714 | INFO     |   PWM值: [786, 800, 809, 813, 800, 809, 813, 813, 809, 813, 813, 807, 813, 813, 807, 795]
2026-01-30 18:00:34.715 | INFO     |   风扇ID映射: fan_id 0-3 = 第0行, fan_id 4-7 = 第1行, fan_id 8-11 = 第2行, fan_id 12-15 = 第3行
2026-01-30 18:00:34.748 | INFO     | 发送完成: 100成功/0失败, 耗时31ms
2026-01-30 18:00:34.749 | INFO     | 开始发送100个控制板数据（80字节批量包） (范围: 6.9%-81.5%)
2026-01-30 18:00:34.749 | INFO     | 调试: 板ID 0 的80字节数据包预览:
2026-01-30 18:00:34.750 | INFO     |   PWM值: [786, 800, 809, 813, 800, 809, 813, 813, 809, 813, 813, 807, 813, 813, 807, 795]
2026-01-30 18:00:34.750 | INFO     |   风扇ID映射: fan_id 0-3 = 第0行, fan_id 4-7 = 第1行, fan_id 8-11 = 第2行, fan_id 12-15 = 第3行
2026-01-30 18:00:34.755 | INFO     | 发送完成: 100成功/0失败, 耗时5ms
2026-01-30 18:00:34.902 | INFO     | 开始发送100个控制板数据（80字节批量包） (范围: 7.3%-81.2%)
2026-01-30 18:00:34.902 | INFO     | 调试: 板ID 0 的80字节数据包预览:
2026-01-30 18:00:34.903 | INFO     |   PWM值: [794, 804, 810, 810, 804, 810, 810, 806, 810, 810, 805, 795, 810, 806, 795, 780]
2026-01-30 18:00:34.903 | INFO     |   风扇ID映射: fan_id 0-3 = 第0行, fan_id 4-7 = 第1行, fan_id 8-11 = 第2行, fan_id 12-15 = 第3行
2026-01-30 18:00:34.907 | INFO     | 发送完成: 100成功/0失败, 耗时3ms
2026-01-30 18:00:34.908 | INFO     | 开始发送100个控制板数据（80字节批量包） (范围: 7.3%-81.2%)
2026-01-30 18:00:34.908 | INFO     | 调试: 板ID 0 的80字节数据包预览:
2026-01-30 18:00:34.909 | INFO     |   PWM值: [794, 804, 810, 810, 804, 810, 810, 806, 810, 810, 805, 795, 810, 806, 795, 780]
2026-01-30 18:00:34.909 | INFO     |   风扇ID映射: fan_id 0-3 = 第0行, fan_id 4-7 = 第1行, fan_id 8-11 = 第2行, fan_id 12-15 = 第3行
2026-01-30 18:00:34.914 | INFO     | 发送完成: 100成功/0失败, 耗时5ms
2026-01-30 18:00:34.948 | INFO     | 开始发送100个控制板数据（80字节批量包） (范围: 7.7%-80.9%)
2026-01-30 18:00:34.948 | INFO     | 调试: 板ID 0 的80字节数据包预览:
2026-01-30 18:00:34.949 | INFO     |   PWM值: [799, 806, 807, 804, 806, 807, 804, 795, 807, 804, 795, 781, 804, 795, 781, 761]
2026-01-30 18:00:34.949 | INFO     |   风扇ID映射: fan_id 0-3 = 第0行, fan_id 4-7 = 第1行, fan_id 8-11 = 第2行, fan_id 12-15 = 第3行
2026-01-30 18:00:34.978 | INFO     | 发送完成: 100成功/0失败, 耗时29ms
2026-01-30 18:00:34.978 | INFO     | 开始发送100个控制板数据（80字节批量包） (范围: 7.7%-80.9%)
2026-01-30 18:00:34.978 | INFO     | 调试: 板ID 0 的80字节数据包预览:
2026-01-30 18:00:34.978 | INFO     |   PWM值: [799, 806, 807, 804, 806, 807, 804, 795, 807, 804, 795, 781, 804, 795, 781, 761]
2026-01-30 18:00:34.979 | INFO     |   风扇ID映射: fan_id 0-3 = 第0行, fan_id 4-7 = 第1行, fan_id 8-11 = 第2行, fan_id 12-15 = 第3行
2026-01-30 18:00:34.983 | INFO     | 发送完成: 100成功/0失败, 耗时4ms
2026-01-30 18:00:35.115 | INFO     | 开始发送100个控制板数据（80字节批量包） (范围: 8.2%-80.6%)
2026-01-30 18:00:35.116 | INFO     | 调试: 板ID 0 的80字节数据包预览:
2026-01-30 18:00:35.117 | INFO     |   PWM值: [802, 804, 802, 795, 804, 802, 794, 782, 802, 794, 781, 764, 795, 782, 764, 741]
2026-01-30 18:00:35.118 | INFO     |   风扇ID映射: fan_id 0-3 = 第0行, fan_id 4-7 = 第1行, fan_id 8-11 = 第2行, fan_id 12-15 = 第3行
2026-01-30 18:00:35.127 | INFO     | 发送完成: 100成功/0失败, 耗时8ms
2026-01-30 18:00:35.127 | INFO     | 开始发送100个控制板数据（80字节批量包） (范围: 8.2%-80.6%)
2026-01-30 18:00:35.127 | INFO     | 调试: 板ID 0 的80字节数据包预览:
2026-01-30 18:00:35.128 | INFO     |   PWM值: [802, 804, 802, 795, 804, 802, 794, 782, 802, 794, 781, 764, 795, 782, 764, 741]
2026-01-30 18:00:35.128 | INFO     |   风扇ID映射: fan_id 0-3 = 第0行, fan_id 4-7 = 第1行, fan_id 8-11 = 第2行, fan_id 12-15 = 第3行
2026-01-30 18:00:35.132 | INFO     | 发送完成: 100成功/0失败, 耗时4ms
2026-01-30 18:00:35.166 | INFO     | 开始发送100个控制板数据（80字节批量包） (范围: 8.6%-80.3%)
2026-01-30 18:00:35.166 | INFO     | 调试: 板ID 0 的80字节数据包预览:
2026-01-30 18:00:35.167 | INFO     |   PWM值: [801, 800, 794, 783, 800, 793, 782, 766, 794, 782, 765, 744, 783, 766, 744, 717]
2026-01-30 18:00:35.168 | INFO     |   风扇ID映射: fan_id 0-3 = 第0行, fan_id 4-7 = 第1行, fan_id 8-11 = 第2行, fan_id 12-15 = 第3行
2026-01-30 18:00:35.176 | INFO     | 发送完成: 100成功/0失败, 耗时7ms
2026-01-30 18:00:35.176 | INFO     | 开始发送100个控制板数据（80字节批量包） (范围: 8.6%-80.3%)
2026-01-30 18:00:35.177 | INFO     | 调试: 板ID 0 的80字节数据包预览:
2026-01-30 18:00:35.177 | INFO     |   PWM值: [801, 800, 794, 783, 800, 793, 782, 766, 794, 782, 765, 744, 783, 766, 744, 717]
2026-01-30 18:00:35.177 | INFO     |   风扇ID映射: fan_id 0-3 = 第0行, fan_id 4-7 = 第1行, fan_id 8-11 = 第2行, fan_id 12-15 = 第3行
2026-01-30 18:00:35.182 | INFO     | 发送完成: 100成功/0失败, 耗时4ms
2026-01-30 18:00:35.321 | INFO     | 开始发送100个控制板数据（80字节批量包） (范围: 9.0%-79.9%)
2026-01-30 18:00:35.322 | INFO     | 调试: 板ID 0 的80字节数据包预览:
2026-01-30 18:00:35.322 | INFO     |   PWM值: [798, 792, 783, 769, 792, 782, 767, 748, 783, 767, 746, 722, 769, 748, 722, 692]
2026-01-30 18:00:35.323 | INFO     |   风扇ID映射: fan_id 0-3 = 第0行, fan_id 4-7 = 第1行, fan_id 8-11 = 第2行, fan_id 12-15 = 第3行
2026-01-30 18:00:35.327 | INFO     | 发送完成: 100成功/0失败, 耗时4ms
2026-01-30 18:00:35.327 | INFO     | 开始发送100个控制板数据（80字节批量包） (范围: 9.0%-79.9%)
2026-01-30 18:00:35.328 | INFO     | 调试: 板ID 0 的80字节数据包预览:
2026-01-30 18:00:35.328 | INFO     |   PWM值: [798, 792, 783, 769, 792, 782, 767, 748, 783, 767, 746, 722, 769, 748, 722, 692]
2026-01-30 18:00:35.328 | INFO     |   风扇ID映射: fan_id 0-3 = 第0行, fan_id 4-7 = 第1行, fan_id 8-11 = 第2行, fan_id 12-15 = 第3行
2026-01-30 18:00:35.333 | INFO     | 发送完成: 100成功/0失败, 耗时4ms
2026-01-30 18:00:35.366 | INFO     | 开始发送100个控制板数据（80字节批量包） (范围: 9.4%-79.2%)
2026-01-30 18:00:35.366 | INFO     | 调试: 板ID 0 的80字节数据包预览:
2026-01-30 18:00:35.366 | INFO     |   PWM值: [791, 782, 769, 751, 782, 768, 749, 726, 769, 749, 725, 697, 751, 726, 697, 665]
2026-01-30 18:00:35.367 | INFO     |   风扇ID映射: fan_id 0-3 = 第0行, fan_id 4-7 = 第1行, fan_id 8-11 = 第2行, fan_id 12-15 = 第3行
2026-01-30 18:00:35.399 | INFO     | 发送完成: 100成功/0失败, 耗时30ms
2026-01-30 18:00:35.399 | INFO     | 开始发送100个控制板数据（80字节批量包） (范围: 9.4%-79.2%)
2026-01-30 18:00:35.400 | INFO     | 调试: 板ID 0 的80字节数据包预览:
2026-01-30 18:00:35.400 | INFO     |   PWM值: [791, 782, 769, 751, 782, 768, 749, 726, 769, 749, 725, 697, 751, 726, 697, 665]
2026-01-30 18:00:35.402 | INFO     |   风扇ID映射: fan_id 0-3 = 第0行, fan_id 4-7 = 第1行, fan_id 8-11 = 第2行, fan_id 12-15 = 第3行
2026-01-30 18:00:35.408 | INFO     | 发送完成: 100成功/0失败, 耗时5ms
2026-01-30 18:00:35.556 | INFO     | 开始发送100个控制板数据（80字节批量包） (范围: 9.8%-78.3%)
2026-01-30 18:00:35.557 | INFO     | 调试: 板ID 0 的80字节数据包预览:
2026-01-30 18:00:35.557 | INFO     |   PWM值: [781, 769, 752, 731, 769, 751, 729, 703, 752, 729, 701, 671, 731, 703, 671, 636]
2026-01-30 18:00:35.558 | INFO     |   风扇ID映射: fan_id 0-3 = 第0行, fan_id 4-7 = 第1行, fan_id 8-11 = 第2行, fan_id 12-15 = 第3行
2026-01-30 18:00:35.563 | INFO     | 发送完成: 100成功/0失败, 耗时4ms
2026-01-30 18:00:35.563 | INFO     | 开始发送100个控制板数据（80字节批量包） (范围: 9.8%-78.3%)
2026-01-30 18:00:35.563 | INFO     | 调试: 板ID 0 的80字节数据包预览:
2026-01-30 18:00:35.564 | INFO     |   PWM值: [781, 769, 752, 731, 769, 751, 729, 703, 752, 729, 701, 671, 731, 703, 671, 636]
2026-01-30 18:00:35.564 | INFO     |   风扇ID映射: fan_id 0-3 = 第0行, fan_id 4-7 = 第1行, fan_id 8-11 = 第2行, fan_id 12-15 = 第3行
2026-01-30 18:00:35.573 | INFO     | 发送完成: 100成功/0失败, 耗时9ms
2026-01-30 18:00:35.605 | INFO     | 开始发送100个控制板数据（80字节批量包） (范围: 10.2%-79.1%)
2026-01-30 18:00:35.606 | INFO     | 调试: 板ID 0 的80字节数据包预览:
2026-01-30 18:00:35.606 | INFO     |   PWM值: [769, 753, 732, 709, 753, 731, 706, 677, 732, 706, 676, 643, 709, 677, 643, 605]
2026-01-30 18:00:35.606 | INFO     |   风扇ID映射: fan_id 0-3 = 第0行, fan_id 4-7 = 第1行, fan_id 8-11 = 第2行, fan_id 12-15 = 第3行
2026-01-30 18:00:35.613 | INFO     | 发送完成: 100成功/0失败, 耗时6ms
2026-01-30 18:00:35.613 | INFO     | 开始发送100个控制板数据（80字节批量包） (范围: 10.2%-79.1%)
2026-01-30 18:00:35.613 | INFO     | 调试: 板ID 0 的80字节数据包预览:
2026-01-30 18:00:35.613 | INFO     |   PWM值: [769, 753, 732, 709, 753, 731, 706, 677, 732, 706, 676, 643, 709, 677, 643, 605]
2026-01-30 18:00:35.614 | INFO     |   风扇ID映射: fan_id 0-3 = 第0行, fan_id 4-7 = 第1行, fan_id 8-11 = 第2行, fan_id 12-15 = 第3行
2026-01-30 18:00:35.619 | INFO     | 发送完成: 100成功/0失败, 耗时5ms
2026-01-30 18:00:35.765 | INFO     | 开始发送100个控制板数据（80字节批量包） (范围: 10.6%-82.9%)
2026-01-30 18:00:35.765 | INFO     | 调试: 板ID 0 的80字节数据包预览:
2026-01-30 18:00:35.767 | INFO     |   PWM值: [754, 734, 711, 685, 734, 709, 681, 650, 711, 681, 648, 613, 685, 650, 613, 574]
2026-01-30 18:00:35.767 | INFO     |   风扇ID映射: fan_id 0-3 = 第0行, fan_id 4-7 = 第1行, fan_id 8-11 = 第2行, fan_id 12-15 = 第3行
2026-01-30 18:00:35.777 | INFO     | 发送完成: 100成功/0失败, 耗时7ms
2026-01-30 18:00:35.777 | INFO     | 开始发送100个控制板数据（80字节批量包） (范围: 10.6%-82.9%)
2026-01-30 18:00:35.777 | INFO     | 调试: 板ID 0 的80字节数据包预览:
2026-01-30 18:00:35.778 | INFO     |   PWM值: [754, 734, 711, 685, 734, 709, 681, 650, 711, 681, 648, 613, 685, 650, 613, 574]
2026-01-30 18:00:35.778 | INFO     |   风扇ID映射: fan_id 0-3 = 第0行, fan_id 4-7 = 第1行, fan_id 8-11 = 第2行, fan_id 12-15 = 第3行
2026-01-30 18:00:35.784 | INFO     | 发送完成: 100成功/0失败, 耗时5ms
2026-01-30 18:00:35.815 | INFO     | 开始发送100个控制板数据（80字节批量包） (范围: 11.0%-86.4%)
2026-01-30 18:00:35.815 | INFO     | 调试: 板ID 0 的80字节数据包预览:
2026-01-30 18:00:35.816 | INFO     |   PWM值: [736, 713, 687, 658, 713, 686, 655, 621, 687, 655, 619, 582, 658, 621, 582, 542]
2026-01-30 18:00:35.816 | INFO     |   风扇ID映射: fan_id 0-3 = 第0行, fan_id 4-7 = 第1行, fan_id 8-11 = 第2行, fan_id 12-15 = 第3行
2026-01-30 18:00:35.823 | INFO     | 发送完成: 100成功/0失败, 耗时6ms
2026-01-30 18:00:35.979 | INFO     | 开始发送100个控制板数据（80字节批量包） (范围: 11.0%-86.4%)
2026-01-30 18:00:35.979 | INFO     | 调试: 板ID 0 的80字节数据包预览:
2026-01-30 18:00:35.979 | INFO     |   PWM值: [736, 713, 687, 658, 713, 686, 655, 621, 687, 655, 619, 582, 658, 621, 582, 542]
2026-01-30 18:00:35.979 | INFO     |   风扇ID映射: fan_id 0-3 = 第0行, fan_id 4-7 = 第1行, fan_id 8-11 = 第2行, fan_id 12-15 = 第3行
2026-01-30 18:00:35.985 | INFO     | 发送完成: 100成功/0失败, 耗时5ms
2026-01-30 18:00:35.985 | INFO     | 开始发送100个控制板数据（80字节批量包） (范围: 11.0%-86.4%)
2026-01-30 18:00:35.986 | INFO     | 调试: 板ID 0 的80字节数据包预览:
2026-01-30 18:00:35.986 | INFO     |   PWM值: [736, 713, 687, 658, 713, 686, 655, 621, 687, 655, 619, 582, 658, 621, 582, 542]
2026-01-30 18:00:35.986 | INFO     |   风扇ID映射: fan_id 0-3 = 第0行, fan_id 4-7 = 第1行, fan_id 8-11 = 第2行, fan_id 12-15 = 第3行
2026-01-30 18:00:35.991 | INFO     | 发送完成: 100成功/0失败, 耗时4ms
2026-01-30 18:00:36.024 | INFO     | 开始发送100个控制板数据（80字节批量包） (范围: 11.4%-89.6%)
2026-01-30 18:00:36.024 | INFO     | 调试: 板ID 0 的80字节数据包预览:
2026-01-30 18:00:36.025 | INFO     |   PWM值: [716, 690, 661, 630, 690, 660, 627, 591, 661, 627, 589, 551, 630, 591, 551, 509]
2026-01-30 18:00:36.026 | INFO     |   风扇ID映射: fan_id 0-3 = 第0行, fan_id 4-7 = 第1行, fan_id 8-11 = 第2行, fan_id 12-15 = 第3行
2026-01-30 18:00:36.057 | INFO     | 发送完成: 100成功/0失败, 耗时31ms
2026-01-30 18:00:36.058 | INFO     | 开始发送100个控制板数据（80字节批量包） (范围: 11.4%-89.6%)
2026-01-30 18:00:36.058 | INFO     | 调试: 板ID 0 的80字节数据包预览:
2026-01-30 18:00:36.059 | INFO     |   PWM值: [716, 690, 661, 630, 690, 660, 627, 591, 661, 627, 589, 551, 630, 591, 551, 509]
2026-01-30 18:00:36.059 | INFO     |   风扇ID映射: fan_id 0-3 = 第0行, fan_id 4-7 = 第1行, fan_id 8-11 = 第2行, fan_id 12-15 = 第3行
2026-01-30 18:00:36.069 | INFO     | 发送完成: 100成功/0失败, 耗时9ms
2026-01-30 18:00:36.194 | INFO     | 开始发送100个控制板数据（80字节批量包） (范围: 11.8%-92.3%)
2026-01-30 18:00:36.195 | INFO     | 调试: 板ID 0 的80字节数据包预览:
2026-01-30 18:00:36.196 | INFO     |   PWM值: [694, 665, 634, 601, 665, 632, 597, 561, 634, 597, 558, 519, 601, 561, 519, 476]
2026-01-30 18:00:36.196 | INFO     |   风扇ID映射: fan_id 0-3 = 第0行, fan_id 4-7 = 第1行, fan_id 8-11 = 第2行, fan_id 12-15 = 第3行
2026-01-30 18:00:36.204 | INFO     | 发送完成: 100成功/0失败, 耗时7ms
2026-01-30 18:00:36.249 | INFO     | 开始发送100个控制板数据（80字节批量包） (范围: 11.8%-92.3%)
2026-01-30 18:00:36.250 | INFO     | 调试: 板ID 0 的80字节数据包预览:
2026-01-30 18:00:36.251 | INFO     |   PWM值: [694, 665, 634, 601, 665, 632, 597, 561, 634, 597, 558, 519, 601, 561, 519, 476]
2026-01-30 18:00:36.253 | INFO     |   风扇ID映射: fan_id 0-3 = 第0行, fan_id 4-7 = 第1行, fan_id 8-11 = 第2行, fan_id 12-15 = 第3行
2026-01-30 18:00:36.281 | INFO     | 发送完成: 100成功/0失败, 耗时27ms
2026-01-30 18:00:36.281 | INFO     | 开始发送100个控制板数据（80字节批量包） (范围: 11.8%-92.3%)
2026-01-30 18:00:36.282 | INFO     | 调试: 板ID 0 的80字节数据包预览:
2026-01-30 18:00:36.282 | INFO     |   PWM值: [694, 665, 634, 601, 665, 632, 597, 561, 634, 597, 558, 519, 601, 561, 519, 476]
2026-01-30 18:00:36.283 | INFO     |   风扇ID映射: fan_id 0-3 = 第0行, fan_id 4-7 = 第1行, fan_id 8-11 = 第2行, fan_id 12-15 = 第3行
2026-01-30 18:00:36.289 | INFO     | 发送完成: 100成功/0失败, 耗时5ms
2026-01-30 18:00:36.420 | INFO     | 开始发送100个控制板数据（80字节批量包） (范围: 12.1%-94.6%)
2026-01-30 18:00:36.421 | INFO     | 调试: 板ID 0 的80字节数据包预览:
2026-01-30 18:00:36.421 | INFO     |   PWM值: [670, 639, 606, 571, 639, 604, 567, 529, 606, 567, 527, 486, 571, 529, 486, 444]
2026-01-30 18:00:36.422 | INFO     |   风扇ID映射: fan_id 0-3 = 第0行, fan_id 4-7 = 第1行, fan_id 8-11 = 第2行, fan_id 12-15 = 第3行
2026-01-30 18:00:36.427 | INFO     | 发送完成: 100成功/0失败, 耗时5ms
2026-01-30 18:00:36.462 | INFO     | 开始发送100个控制板数据（80字节批量包） (范围: 12.1%-94.6%)
2026-01-30 18:00:36.463 | INFO     | 调试: 板ID 0 的80字节数据包预览:
2026-01-30 18:00:36.465 | INFO     |   PWM值: [670, 639, 606, 571, 639, 604, 567, 529, 606, 567, 527, 486, 571, 529, 486, 444]
2026-01-30 18:00:36.466 | INFO     |   风扇ID映射: fan_id 0-3 = 第0行, fan_id 4-7 = 第1行, fan_id 8-11 = 第2行, fan_id 12-15 = 第3行
2026-01-30 18:00:36.471 | INFO     | 发送完成: 100成功/0失败, 耗时5ms
2026-01-30 18:00:36.472 | INFO     | 开始发送100个控制板数据（80字节批量包） (范围: 12.1%-94.6%)
2026-01-30 18:00:36.472 | INFO     | 调试: 板ID 0 的80字节数据包预览:
2026-01-30 18:00:36.472 | INFO     |   PWM值: [670, 639, 606, 571, 639, 604, 567, 529, 606, 567, 527, 486, 571, 529, 486, 444]
2026-01-30 18:00:36.473 | INFO     |   风扇ID映射: fan_id 0-3 = 第0行, fan_id 4-7 = 第1行, fan_id 8-11 = 第2行, fan_id 12-15 = 第3行
2026-01-30 18:00:36.478 | INFO     | 发送完成: 100成功/0失败, 耗时5ms
2026-01-30 18:00:36.654 | INFO     | 开始发送100个控制板数据（80字节批量包） (范围: 12.5%-96.5%)
2026-01-30 18:00:36.655 | INFO     | 调试: 板ID 0 的80字节数据包预览:
2026-01-30 18:00:36.656 | INFO     |   PWM值: [644, 611, 576, 540, 611, 574, 536, 497, 576, 536, 495, 454, 540, 497, 454, 412]
2026-01-30 18:00:36.657 | INFO     |   风扇ID映射: fan_id 0-3 = 第0行, fan_id 4-7 = 第1行, fan_id 8-11 = 第2行, fan_id 12-15 = 第3行
2026-01-30 18:00:36.662 | INFO     | 发送完成: 100成功/0失败, 耗时5ms
2026-01-30 18:00:36.662 | INFO     | 开始发送100个控制板数据（80字节批量包） (范围: 12.5%-96.5%)
2026-01-30 18:00:36.663 | INFO     | 调试: 板ID 0 的80字节数据包预览:
2026-01-30 18:00:36.663 | INFO     |   PWM值: [644, 611, 576, 540, 611, 574, 536, 497, 576, 536, 495, 454, 540, 497, 454, 412]
2026-01-30 18:00:36.664 | INFO     |   风扇ID映射: fan_id 0-3 = 第0行, fan_id 4-7 = 第1行, fan_id 8-11 = 第2行, fan_id 12-15 = 第3行
2026-01-30 18:00:36.670 | INFO     | 发送完成: 100成功/0失败, 耗时6ms
2026-01-30 18:00:36.703 | INFO     | 开始发送100个控制板数据（80字节批量包） (范围: 12.9%-97.9%)
2026-01-30 18:00:36.703 | INFO     | 调试: 板ID 0 的80字节数据包预览:
2026-01-30 18:00:36.704 | INFO     |   PWM值: [617, 582, 546, 509, 582, 543, 504, 465, 546, 504, 463, 423, 509, 465, 423, 381]
2026-01-30 18:00:36.704 | INFO     |   风扇ID映射: fan_id 0-3 = 第0行, fan_id 4-7 = 第1行, fan_id 8-11 = 第2行, fan_id 12-15 = 第3行
2026-01-30 18:00:36.713 | INFO     | 发送完成: 100成功/0失败, 耗时7ms
2026-01-30 18:00:36.857 | INFO     | 开始发送100个控制板数据（80字节批量包） (范围: 12.9%-97.9%)
2026-01-30 18:00:36.858 | INFO     | 调试: 板ID 0 的80字节数据包预览:
2026-01-30 18:00:36.858 | INFO     |   PWM值: [617, 582, 546, 509, 582, 543, 504, 465, 546, 504, 463, 423, 509, 465, 423, 381]
2026-01-30 18:00:36.859 | INFO     |   风扇ID映射: fan_id 0-3 = 第0行, fan_id 4-7 = 第1行, fan_id 8-11 = 第2行, fan_id 12-15 = 第3行
2026-01-30 18:00:36.863 | INFO     | 发送完成: 100成功/0失败, 耗时4ms
2026-01-30 18:00:36.864 | INFO     | 开始发送100个控制板数据（80字节批量包） (范围: 12.9%-97.9%)
2026-01-30 18:00:36.864 | INFO     | 调试: 板ID 0 的80字节数据包预览:
2026-01-30 18:00:36.865 | INFO     |   PWM值: [617, 582, 546, 509, 582, 543, 504, 465, 546, 504, 463, 423, 509, 465, 423, 381]
2026-01-30 18:00:36.865 | INFO     |   风扇ID映射: fan_id 0-3 = 第0行, fan_id 4-7 = 第1行, fan_id 8-11 = 第2行, fan_id 12-15 = 第3行
2026-01-30 18:00:36.874 | INFO     | 发送完成: 100成功/0失败, 耗时8ms
2026-01-30 18:00:36.912 | INFO     | 开始发送100个控制板数据（80字节批量包） (范围: 13.3%-98.9%)
2026-01-30 18:00:36.919 | INFO     | 调试: 板ID 0 的80字节数据包预览:
2026-01-30 18:00:36.919 | INFO     |   PWM值: [589, 552, 515, 477, 552, 513, 473, 434, 515, 473, 432, 392, 477, 434, 392, 351]
2026-01-30 18:00:36.920 | INFO     |   风扇ID映射: fan_id 0-3 = 第0行, fan_id 4-7 = 第1行, fan_id 8-11 = 第2行, fan_id 12-15 = 第3行
2026-01-30 18:00:36.930 | INFO     | 发送完成: 100成功/0失败, 耗时4ms
2026-01-30 18:00:36.930 | INFO     | 开始发送100个控制板数据（80字节批量包） (范围: 13.3%-98.9%)
2026-01-30 18:00:36.931 | INFO     | 调试: 板ID 0 的80字节数据包预览:
2026-01-30 18:00:36.931 | INFO     |   PWM值: [589, 552, 515, 477, 552, 513, 473, 434, 515, 473, 432, 392, 477, 434, 392, 351]
2026-01-30 18:00:36.931 | INFO     |   风扇ID映射: fan_id 0-3 = 第0行, fan_id 4-7 = 第1行, fan_id 8-11 = 第2行, fan_id 12-15 = 第3行
2026-01-30 18:00:36.938 | INFO     | 发送完成: 100成功/0失败, 耗时6ms
2026-01-30 18:00:37.072 | INFO     | 开始发送100个控制板数据（80字节批量包） (范围: 13.6%-99.3%)
2026-01-30 18:00:37.072 | INFO     | 调试: 板ID 0 的80字节数据包预览:
2026-01-30 18:00:37.073 | INFO     |   PWM值: [559, 522, 484, 446, 522, 481, 442, 403, 484, 442, 401, 362, 446, 403, 362, 323]
2026-01-30 18:00:37.073 | INFO     |   风扇ID映射: fan_id 0-3 = 第0行, fan_id 4-7 = 第1行, fan_id 8-11 = 第2行, fan_id 12-15 = 第3行
2026-01-30 18:00:37.078 | INFO     | 发送完成: 100成功/0失败, 耗时5ms
2026-01-30 18:00:37.122 | INFO     | 开始发送100个控制板数据（80字节批量包） (范围: 13.6%-99.3%)
2026-01-30 18:00:37.128 | INFO     | 调试: 板ID 0 的80字节数据包预览:
2026-01-30 18:00:37.135 | INFO     |   PWM值: [559, 522, 484, 446, 522, 481, 442, 403, 484, 442, 401, 362, 446, 403, 362, 323]
2026-01-30 18:00:37.137 | INFO     |   风扇ID映射: fan_id 0-3 = 第0行, fan_id 4-7 = 第1行, fan_id 8-11 = 第2行, fan_id 12-15 = 第3行
2026-01-30 18:00:37.147 | INFO     | 发送完成: 100成功/0失败, 耗时9ms
2026-01-30 18:00:37.148 | INFO     | 开始发送100个控制板数据（80字节批量包） (范围: 13.6%-99.3%)
2026-01-30 18:00:37.148 | INFO     | 调试: 板ID 0 的80字节数据包预览:
2026-01-30 18:00:37.148 | INFO     |   PWM值: [559, 522, 484, 446, 522, 481, 442, 403, 484, 442, 401, 362, 446, 403, 362, 323]
2026-01-30 18:00:37.149 | INFO     |   风扇ID映射: fan_id 0-3 = 第0行, fan_id 4-7 = 第1行, fan_id 8-11 = 第2行, fan_id 12-15 = 第3行
2026-01-30 18:00:37.154 | INFO     | 发送完成: 100成功/0失败, 耗时5ms
2026-01-30 18:00:37.282 | INFO     | 开始发送100个控制板数据（80字节批量包） (范围: 14.0%-99.3%)
2026-01-30 18:00:37.283 | INFO     | 调试: 板ID 0 的80字节数据包预览:
2026-01-30 18:00:37.283 | INFO     |   PWM值: [529, 491, 453, 416, 491, 451, 411, 373, 453, 411, 371, 333, 416, 373, 333, 296]
2026-01-30 18:00:37.284 | INFO     |   风扇ID映射: fan_id 0-3 = 第0行, fan_id 4-7 = 第1行, fan_id 8-11 = 第2行, fan_id 12-15 = 第3行
2026-01-30 18:00:37.290 | INFO     | 发送完成: 100成功/0失败, 耗时6ms
2026-01-30 18:00:37.290 | INFO     | 开始发送100个控制板数据（80字节批量包） (范围: 14.0%-99.3%)
2026-01-30 18:00:37.291 | INFO     | 调试: 板ID 0 的80字节数据包预览:
2026-01-30 18:00:37.291 | INFO     |   PWM值: [529, 491, 453, 416, 491, 451, 411, 373, 453, 411, 371, 333, 416, 373, 333, 296]
2026-01-30 18:00:37.292 | INFO     |   风扇ID映射: fan_id 0-3 = 第0行, fan_id 4-7 = 第1行, fan_id 8-11 = 第2行, fan_id 12-15 = 第3行
2026-01-30 18:00:37.297 | INFO     | 发送完成: 100成功/0失败, 耗时5ms
2026-01-30 18:00:37.342 | INFO     | 开始发送100个控制板数据（80字节批量包） (范围: 14.3%-98.7%)
2026-01-30 18:00:37.342 | INFO     | 调试: 板ID 0 的80字节数据包预览:
2026-01-30 18:00:37.348 | INFO     |   PWM值: [499, 460, 422, 386, 460, 420, 381, 345, 422, 381, 343, 306, 386, 345, 306, 271]
2026-01-30 18:00:37.355 | INFO     |   风扇ID映射: fan_id 0-3 = 第0行, fan_id 4-7 = 第1行, fan_id 8-11 = 第2行, fan_id 12-15 = 第3行
2026-01-30 18:00:37.366 | INFO     | 发送完成: 100成功/0失败, 耗时9ms
2026-01-30 18:00:37.367 | INFO     | 开始发送100个控制板数据（80字节批量包） (范围: 14.3%-98.7%)
2026-01-30 18:00:37.368 | INFO     | 调试: 板ID 0 的80字节数据包预览:
2026-01-30 18:00:37.368 | INFO     |   PWM值: [499, 460, 422, 386, 460, 420, 381, 345, 422, 381, 343, 306, 386, 345, 306, 271]
2026-01-30 18:00:37.369 | INFO     |   风扇ID映射: fan_id 0-3 = 第0行, fan_id 4-7 = 第1行, fan_id 8-11 = 第2行, fan_id 12-15 = 第3行
2026-01-30 18:00:37.384 | INFO     | 发送完成: 100成功/0失败, 耗时14ms
2026-01-30 18:00:37.510 | INFO     | 开始发送100个控制板数据（80字节批量包） (范围: 14.7%-98.3%)
2026-01-30 18:00:37.510 | INFO     | 调试: 板ID 0 的80字节数据包预览:
2026-01-30 18:00:37.511 | INFO     |   PWM值: [469, 430, 393, 357, 430, 391, 353, 318, 393, 353, 316, 281, 357, 318, 281, 249]
2026-01-30 18:00:37.511 | INFO     |   风扇ID映射: fan_id 0-3 = 第0行, fan_id 4-7 = 第1行, fan_id 8-11 = 第2行, fan_id 12-15 = 第3行
2026-01-30 18:00:37.516 | INFO     | 发送完成: 100成功/0失败, 耗时3ms
2026-01-30 18:00:37.560 | INFO     | 开始发送100个控制板数据（80字节批量包） (范围: 14.7%-98.3%)
2026-01-30 18:00:37.560 | INFO     | 调试: 板ID 0 的80字节数据包预览:
2026-01-30 18:00:37.561 | INFO     |   PWM值: [469, 430, 393, 357, 430, 391, 353, 318, 393, 353, 316, 281, 357, 318, 281, 249]
2026-01-30 18:00:37.562 | INFO     |   风扇ID映射: fan_id 0-3 = 第0行, fan_id 4-7 = 第1行, fan_id 8-11 = 第2行, fan_id 12-15 = 第3行
2026-01-30 18:00:37.591 | INFO     | 发送完成: 100成功/0失败, 耗时27ms
2026-01-30 18:00:37.591 | INFO     | 开始发送100个控制板数据（80字节批量包） (范围: 14.7%-98.3%)
2026-01-30 18:00:37.592 | INFO     | 调试: 板ID 0 的80字节数据包预览:
2026-01-30 18:00:37.592 | INFO     |   PWM值: [469, 430, 393, 357, 430, 391, 353, 318, 393, 353, 316, 281, 357, 318, 281, 249]
2026-01-30 18:00:37.593 | INFO     |   风扇ID映射: fan_id 0-3 = 第0行, fan_id 4-7 = 第1行, fan_id 8-11 = 第2行, fan_id 12-15 = 第3行
2026-01-30 18:00:37.597 | INFO     | 发送完成: 100成功/0失败, 耗时4ms
2026-01-30 18:00:37.750 | INFO     | 开始发送100个控制板数据（80字节批量包） (范围: 15.0%-97.9%)
2026-01-30 18:00:37.750 | INFO     | 调试: 板ID 0 的80字节数据包预览:
2026-01-30 18:00:37.751 | INFO     |   PWM值: [439, 401, 364, 330, 401, 362, 326, 292, 364, 326, 290, 259, 330, 292, 259, 229]
2026-01-30 18:00:37.752 | INFO     |   风扇ID映射: fan_id 0-3 = 第0行, fan_id 4-7 = 第1行, fan_id 8-11 = 第2行, fan_id 12-15 = 第3行
2026-01-30 18:00:37.761 | INFO     | 发送完成: 100成功/0失败, 耗时8ms
2026-01-30 18:00:37.761 | INFO     | 开始发送100个控制板数据（80字节批量包） (范围: 15.0%-97.9%)
2026-01-30 18:00:37.762 | INFO     | 调试: 板ID 0 的80字节数据包预览:
2026-01-30 18:00:37.762 | INFO     |   PWM值: [439, 401, 364, 330, 401, 362, 326, 292, 364, 326, 290, 259, 330, 292, 259, 229]
2026-01-30 18:00:37.762 | INFO     |   风扇ID映射: fan_id 0-3 = 第0行, fan_id 4-7 = 第1行, fan_id 8-11 = 第2行, fan_id 12-15 = 第3行
2026-01-30 18:00:37.774 | INFO     | 发送完成: 100成功/0失败, 耗时11ms
2026-01-30 18:00:37.807 | INFO     | 开始发送100个控制板数据（80字节批量包） (范围: 15.4%-97.4%)
2026-01-30 18:00:37.807 | INFO     | 调试: 板ID 0 的80字节数据包预览:
2026-01-30 18:00:37.808 | INFO     |   PWM值: [409, 372, 337, 304, 372, 335, 300, 269, 337, 300, 267, 238, 304, 269, 238, 212]
2026-01-30 18:00:37.808 | INFO     |   风扇ID映射: fan_id 0-3 = 第0行, fan_id 4-7 = 第1行, fan_id 8-11 = 第2行, fan_id 12-15 = 第3行
2026-01-30 18:00:37.813 | INFO     | 发送完成: 100成功/0失败, 耗时4ms
2026-01-30 18:00:37.966 | INFO     | 开始发送100个控制板数据（80字节批量包） (范围: 15.4%-97.4%)
2026-01-30 18:00:37.966 | INFO     | 调试: 板ID 0 的80字节数据包预览:
2026-01-30 18:00:37.967 | INFO     |   PWM值: [409, 372, 337, 304, 372, 335, 300, 269, 337, 300, 267, 238, 304, 269, 238, 212]
2026-01-30 18:00:37.967 | INFO     |   风扇ID映射: fan_id 0-3 = 第0行, fan_id 4-7 = 第1行, fan_id 8-11 = 第2行, fan_id 12-15 = 第3行
2026-01-30 18:00:37.973 | INFO     | 发送完成: 100成功/0失败, 耗时5ms
2026-01-30 18:00:37.974 | INFO     | 开始发送100个控制板数据（80字节批量包） (范围: 15.4%-97.4%)
2026-01-30 18:00:37.974 | INFO     | 调试: 板ID 0 的80字节数据包预览:
2026-01-30 18:00:37.974 | INFO     |   PWM值: [409, 372, 337, 304, 372, 335, 300, 269, 337, 300, 267, 238, 304, 269, 238, 212]
2026-01-30 18:00:37.974 | INFO     |   风扇ID映射: fan_id 0-3 = 第0行, fan_id 4-7 = 第1行, fan_id 8-11 = 第2行, fan_id 12-15 = 第3行
2026-01-30 18:00:37.979 | INFO     | 发送完成: 100成功/0失败, 耗时4ms
2026-01-30 18:00:38.013 | INFO     | 开始发送100个控制板数据（80字节批量包） (范围: 15.7%-96.8%)
2026-01-30 18:00:38.013 | INFO     | 调试: 板ID 0 的80字节数据包预览:
2026-01-30 18:00:38.013 | INFO     |   PWM值: [381, 345, 311, 280, 345, 309, 277, 248, 311, 277, 247, 221, 280, 248, 221, 198]
2026-01-30 18:00:38.014 | INFO     |   风扇ID映射: fan_id 0-3 = 第0行, fan_id 4-7 = 第1行, fan_id 8-11 = 第2行, fan_id 12-15 = 第3行
2026-01-30 18:00:38.040 | INFO     | 发送完成: 100成功/0失败, 耗时26ms
2026-01-30 18:00:38.040 | INFO     | 开始发送100个控制板数据（80字节批量包） (范围: 15.7%-96.8%)
2026-01-30 18:00:38.041 | INFO     | 调试: 板ID 0 的80字节数据包预览:
2026-01-30 18:00:38.041 | INFO     |   PWM值: [381, 345, 311, 280, 345, 309, 277, 248, 311, 277, 247, 221, 280, 248, 221, 198]
2026-01-30 18:00:38.041 | INFO     |   风扇ID映射: fan_id 0-3 = 第0行, fan_id 4-7 = 第1行, fan_id 8-11 = 第2行, fan_id 12-15 = 第3行
2026-01-30 18:00:38.046 | INFO     | 发送完成: 100成功/0失败, 耗时4ms
2026-01-30 18:00:38.174 | INFO     | 开始发送100个控制板数据（80字节批量包） (范围: 16.1%-96.4%)
2026-01-30 18:00:38.176 | INFO     | 调试: 板ID 0 的80字节数据包预览:
2026-01-30 18:00:38.176 | INFO     |   PWM值: [354, 319, 287, 259, 319, 286, 256, 230, 287, 256, 228, 206, 259, 230, 206, 187]
2026-01-30 18:00:38.177 | INFO     |   风扇ID映射: fan_id 0-3 = 第0行, fan_id 4-7 = 第1行, fan_id 8-11 = 第2行, fan_id 12-15 = 第3行
2026-01-30 18:00:38.186 | INFO     | 发送完成: 100成功/0失败, 耗时8ms
2026-01-30 18:00:38.187 | INFO     | 开始发送100个控制板数据（80字节批量包） (范围: 16.1%-96.4%)
2026-01-30 18:00:38.187 | INFO     | 调试: 板ID 0 的80字节数据包预览:
2026-01-30 18:00:38.187 | INFO     |   PWM值: [354, 319, 287, 259, 319, 286, 256, 230, 287, 256, 228, 206, 259, 230, 206, 187]
2026-01-30 18:00:38.188 | INFO     |   风扇ID映射: fan_id 0-3 = 第0行, fan_id 4-7 = 第1行, fan_id 8-11 = 第2行, fan_id 12-15 = 第3行
2026-01-30 18:00:38.193 | INFO     | 发送完成: 100成功/0失败, 耗时5ms
2026-01-30 18:00:38.227 | INFO     | 开始发送100个控制板数据（80字节批量包） (范围: 16.4%-96.0%)
2026-01-30 18:00:38.227 | INFO     | 调试: 板ID 0 的80字节数据包预览:
2026-01-30 18:00:38.227 | INFO     |   PWM值: [328, 295, 266, 240, 295, 264, 237, 214, 266, 237, 213, 194, 240, 214, 194, 178]
2026-01-30 18:00:38.228 | INFO     |   风扇ID映射: fan_id 0-3 = 第0行, fan_id 4-7 = 第1行, fan_id 8-11 = 第2行, fan_id 12-15 = 第3行
2026-01-30 18:00:38.233 | INFO     | 发送完成: 100成功/0失败, 耗时5ms
2026-01-30 18:00:38.375 | INFO     | 开始发送100个控制板数据（80字节批量包） (范围: 16.4%-96.0%)
2026-01-30 18:00:38.375 | INFO     | 调试: 板ID 0 的80字节数据包预览:
2026-01-30 18:00:38.375 | INFO     |   PWM值: [328, 295, 266, 240, 295, 264, 237, 214, 266, 237, 213, 194, 240, 214, 194, 178]
2026-01-30 18:00:38.376 | INFO     |   风扇ID映射: fan_id 0-3 = 第0行, fan_id 4-7 = 第1行, fan_id 8-11 = 第2行, fan_id 12-15 = 第3行
2026-01-30 18:00:38.386 | INFO     | 发送完成: 100成功/0失败, 耗时10ms
2026-01-30 18:00:38.387 | INFO     | 开始发送100个控制板数据（80字节批量包） (范围: 16.4%-96.0%)
2026-01-30 18:00:38.387 | INFO     | 调试: 板ID 0 的80字节数据包预览:
2026-01-30 18:00:38.387 | INFO     |   PWM值: [328, 295, 266, 240, 295, 264, 237, 214, 266, 237, 213, 194, 240, 214, 194, 178]
2026-01-30 18:00:38.388 | INFO     |   风扇ID映射: fan_id 0-3 = 第0行, fan_id 4-7 = 第1行, fan_id 8-11 = 第2行, fan_id 12-15 = 第3行
2026-01-30 18:00:38.392 | INFO     | 发送完成: 100成功/0失败, 耗时4ms
2026-01-30 18:00:38.437 | INFO     | 开始发送100个控制板数据（80字节批量包） (范围: 16.8%-95.5%)
2026-01-30 18:00:38.437 | INFO     | 调试: 板ID 0 的80字节数据包预览:
2026-01-30 18:00:38.440 | INFO     |   PWM值: [304, 273, 246, 223, 273, 245, 221, 201, 246, 221, 200, 185, 223, 201, 185, 173]
2026-01-30 18:00:38.441 | INFO     |   风扇ID映射: fan_id 0-3 = 第0行, fan_id 4-7 = 第1行, fan_id 8-11 = 第2行, fan_id 12-15 = 第3行
2026-01-30 18:00:38.465 | INFO     | 发送完成: 100成功/0失败, 耗时18ms
2026-01-30 18:00:38.466 | INFO     | 开始发送100个控制板数据（80字节批量包） (范围: 16.8%-95.5%)
2026-01-30 18:00:38.466 | INFO     | 调试: 板ID 0 的80字节数据包预览:
2026-01-30 18:00:38.467 | INFO     |   PWM值: [304, 273, 246, 223, 273, 245, 221, 201, 246, 221, 200, 185, 223, 201, 185, 173]
2026-01-30 18:00:38.467 | INFO     |   风扇ID映射: fan_id 0-3 = 第0行, fan_id 4-7 = 第1行, fan_id 8-11 = 第2行, fan_id 12-15 = 第3行
2026-01-30 18:00:38.473 | INFO     | 发送完成: 100成功/0失败, 耗时5ms
2026-01-30 18:00:38.598 | INFO     | 开始发送100个控制板数据（80字节批量包） (范围: 17.1%-95.1%)
2026-01-30 18:00:38.598 | INFO     | 调试: 板ID 0 的80字节数据包预览:
2026-01-30 18:00:38.599 | INFO     |   PWM值: [282, 254, 230, 210, 254, 228, 208, 191, 230, 208, 191, 179, 210, 191, 179, 172]
2026-01-30 18:00:38.599 | INFO     |   风扇ID映射: fan_id 0-3 = 第0行, fan_id 4-7 = 第1行, fan_id 8-11 = 第2行, fan_id 12-15 = 第3行
2026-01-30 18:00:38.606 | INFO     | 发送完成: 100成功/0失败, 耗时6ms
2026-01-30 18:00:38.650 | INFO     | 开始发送100个控制板数据（80字节批量包） (范围: 17.1%-95.1%)
2026-01-30 18:00:38.651 | INFO     | 调试: 板ID 0 的80字节数据包预览:
2026-01-30 18:00:38.652 | INFO     |   PWM值: [282, 254, 230, 210, 254, 228, 208, 191, 230, 208, 191, 179, 210, 191, 179, 172]
2026-01-30 18:00:38.652 | INFO     |   风扇ID映射: fan_id 0-3 = 第0行, fan_id 4-7 = 第1行, fan_id 8-11 = 第2行, fan_id 12-15 = 第3行
2026-01-30 18:00:38.661 | INFO     | 发送完成: 100成功/0失败, 耗时9ms
2026-01-30 18:00:38.677 | INFO     | 开始发送100个控制板数据（80字节批量包） (范围: 17.1%-95.1%)
2026-01-30 18:00:38.678 | INFO     | 调试: 板ID 0 的80字节数据包预览:
2026-01-30 18:00:38.678 | INFO     |   PWM值: [282, 254, 230, 210, 254, 228, 208, 191, 230, 208, 191, 179, 210, 191, 179, 172]
2026-01-30 18:00:38.685 | INFO     |   风扇ID映射: fan_id 0-3 = 第0行, fan_id 4-7 = 第1行, fan_id 8-11 = 第2行, fan_id 12-15 = 第3行
2026-01-30 18:00:38.689 | INFO     | 发送完成: 100成功/0失败, 耗时3ms
2026-01-30 18:00:38.846 | INFO     | 开始发送100个控制板数据（80字节批量包） (范围: 17.4%-94.6%)
2026-01-30 18:00:38.847 | INFO     | 调试: 板ID 0 的80字节数据包预览:
2026-01-30 18:00:38.848 | INFO     |   PWM值: [262, 237, 216, 199, 237, 214, 197, 185, 216, 197, 184, 176, 199, 185, 176, 173]
2026-01-30 18:00:38.849 | INFO     |   风扇ID映射: fan_id 0-3 = 第0行, fan_id 4-7 = 第1行, fan_id 8-11 = 第2行, fan_id 12-15 = 第3行
2026-01-30 18:00:38.857 | INFO     | 发送完成: 100成功/0失败, 耗时7ms
2026-01-30 18:00:38.858 | INFO     | 开始发送100个控制板数据（80字节批量包） (范围: 17.4%-94.6%)
2026-01-30 18:00:38.858 | INFO     | 调试: 板ID 0 的80字节数据包预览:
2026-01-30 18:00:38.859 | INFO     |   PWM值: [262, 237, 216, 199, 237, 214, 197, 185, 216, 197, 184, 176, 199, 185, 176, 173]
2026-01-30 18:00:38.859 | INFO     |   风扇ID映射: fan_id 0-3 = 第0行, fan_id 4-7 = 第1行, fan_id 8-11 = 第2行, fan_id 12-15 = 第3行
2026-01-30 18:00:38.863 | INFO     | 发送完成: 100成功/0失败, 耗时4ms
2026-01-30 18:00:38.886 | INFO     | 开始发送100个控制板数据（80字节批量包） (范围: 17.7%-94.2%)
2026-01-30 18:00:38.886 | INFO     | 调试: 板ID 0 的80字节数据包预览:
2026-01-30 18:00:38.887 | INFO     |   PWM值: [244, 222, 204, 191, 222, 203, 190, 181, 204, 190, 181, 177, 191, 181, 177, 178]
2026-01-30 18:00:38.888 | INFO     |   风扇ID映射: fan_id 0-3 = 第0行, fan_id 4-7 = 第1行, fan_id 8-11 = 第2行, fan_id 12-15 = 第3行
2026-01-30 18:00:38.896 | INFO     | 发送完成: 100成功/0失败, 耗时8ms
2026-01-30 18:00:38.897 | INFO     | 开始发送100个控制板数据（80字节批量包） (范围: 17.7%-94.2%)
2026-01-30 18:00:38.897 | INFO     | 调试: 板ID 0 的80字节数据包预览:
2026-01-30 18:00:38.898 | INFO     |   PWM值: [244, 222, 204, 191, 222, 203, 190, 181, 204, 190, 181, 177, 191, 181, 177, 178]
2026-01-30 18:00:38.898 | INFO     |   风扇ID映射: fan_id 0-3 = 第0行, fan_id 4-7 = 第1行, fan_id 8-11 = 第2行, fan_id 12-15 = 第3行
2026-01-30 18:00:38.905 | INFO     | 发送完成: 100成功/0失败, 耗时6ms
2026-01-30 18:00:39.052 | INFO     | 开始发送100个控制板数据（80字节批量包） (范围: 18.1%-93.7%)
2026-01-30 18:00:39.052 | INFO     | 调试: 板ID 0 的80字节数据包预览:
2026-01-30 18:00:39.053 | INFO     |   PWM值: [229, 210, 196, 186, 210, 195, 185, 181, 196, 185, 180, 181, 186, 181, 181, 186]
2026-01-30 18:00:39.053 | INFO     |   风扇ID映射: fan_id 0-3 = 第0行, fan_id 4-7 = 第1行, fan_id 8-11 = 第2行, fan_id 12-15 = 第3行
2026-01-30 18:00:39.059 | INFO     | 发送完成: 100成功/0失败, 耗时5ms
2026-01-30 18:00:39.092 | INFO     | 开始发送100个控制板数据（80字节批量包） (范围: 18.1%-93.7%)
2026-01-30 18:00:39.093 | INFO     | 调试: 板ID 0 的80字节数据包预览:
2026-01-30 18:00:39.093 | INFO     |   PWM值: [229, 210, 196, 186, 210, 195, 185, 181, 196, 185, 180, 181, 186, 181, 181, 186]
2026-01-30 18:00:39.093 | INFO     |   风扇ID映射: fan_id 0-3 = 第0行, fan_id 4-7 = 第1行, fan_id 8-11 = 第2行, fan_id 12-15 = 第3行
2026-01-30 18:00:39.098 | INFO     | 发送完成: 100成功/0失败, 耗时4ms
2026-01-30 18:00:39.099 | INFO     | 开始发送100个控制板数据（80字节批量包） (范围: 18.1%-93.7%)
2026-01-30 18:00:39.099 | INFO     | 调试: 板ID 0 的80字节数据包预览:
2026-01-30 18:00:39.100 | INFO     |   PWM值: [229, 210, 196, 186, 210, 195, 185, 181, 196, 185, 180, 181, 186, 181, 181, 186]
2026-01-30 18:00:39.100 | INFO     |   风扇ID映射: fan_id 0-3 = 第0行, fan_id 4-7 = 第1行, fan_id 8-11 = 第2行, fan_id 12-15 = 第3行
2026-01-30 18:00:39.106 | INFO     | 发送完成: 100成功/0失败, 耗时5ms
2026-01-30 18:00:39.256 | INFO     | 开始发送100个控制板数据（80字节批量包） (范围: 18.4%-93.3%)
2026-01-30 18:00:39.256 | INFO     | 调试: 板ID 0 的80字节数据包预览:
2026-01-30 18:00:39.257 | INFO     |   PWM值: [217, 201, 191, 185, 201, 190, 184, 183, 191, 184, 183, 188, 185, 183, 188, 197]
2026-01-30 18:00:39.257 | INFO     |   风扇ID映射: fan_id 0-3 = 第0行, fan_id 4-7 = 第1行, fan_id 8-11 = 第2行, fan_id 12-15 = 第3行
2026-01-30 18:00:39.263 | INFO     | 发送完成: 100成功/0失败, 耗时6ms
2026-01-30 18:00:39.264 | INFO     | 开始发送100个控制板数据（80字节批量包） (范围: 18.4%-93.3%)
2026-01-30 18:00:39.264 | INFO     | 调试: 板ID 0 的80字节数据包预览:
2026-01-30 18:00:39.264 | INFO     |   PWM值: [217, 201, 191, 185, 201, 190, 184, 183, 191, 184, 183, 188, 185, 183, 188, 197]
2026-01-30 18:00:39.265 | INFO     |   风扇ID映射: fan_id 0-3 = 第0行, fan_id 4-7 = 第1行, fan_id 8-11 = 第2行, fan_id 12-15 = 第3行
2026-01-30 18:00:39.270 | INFO     | 发送完成: 100成功/0失败, 耗时5ms
2026-01-30 18:00:39.304 | INFO     | 开始发送100个控制板数据（80字节批量包） (范围: 18.7%-92.9%)
2026-01-30 18:00:39.304 | INFO     | 调试: 板ID 0 的80字节数据包预览:
2026-01-30 18:00:39.305 | INFO     |   PWM值: [207, 195, 188, 186, 195, 188, 186, 189, 188, 186, 189, 198, 186, 189, 198, 212]
2026-01-30 18:00:39.305 | INFO     |   风扇ID映射: fan_id 0-3 = 第0行, fan_id 4-7 = 第1行, fan_id 8-11 = 第2行, fan_id 12-15 = 第3行
2026-01-30 18:00:39.310 | INFO     | 发送完成: 100成功/0失败, 耗时4ms
2026-01-30 18:00:39.461 | INFO     | 开始发送100个控制板数据（80字节批量包） (范围: 18.7%-92.9%)
2026-01-30 18:00:39.462 | INFO     | 调试: 板ID 0 的80字节数据包预览:
2026-01-30 18:00:39.462 | INFO     |   PWM值: [207, 195, 188, 186, 195, 188, 186, 189, 188, 186, 189, 198, 186, 189, 198, 212]
2026-01-30 18:00:39.463 | INFO     |   风扇ID映射: fan_id 0-3 = 第0行, fan_id 4-7 = 第1行, fan_id 8-11 = 第2行, fan_id 12-15 = 第3行
2026-01-30 18:00:39.468 | INFO     | 发送完成: 100成功/0失败, 耗时5ms
2026-01-30 18:00:39.469 | INFO     | 开始发送100个控制板数据（80字节批量包） (范围: 18.7%-92.9%)
2026-01-30 18:00:39.470 | INFO     | 调试: 板ID 0 的80字节数据包预览:
2026-01-30 18:00:39.470 | INFO     |   PWM值: [207, 195, 188, 186, 195, 188, 186, 189, 188, 186, 189, 198, 186, 189, 198, 212]
2026-01-30 18:00:39.471 | INFO     |   风扇ID映射: fan_id 0-3 = 第0行, fan_id 4-7 = 第1行, fan_id 8-11 = 第2行, fan_id 12-15 = 第3行
2026-01-30 18:00:39.476 | INFO     | 发送完成: 100成功/0失败, 耗时5ms
2026-01-30 18:00:39.547 | INFO     | 开始发送100个控制板数据（80字节批量包） (范围: 19.0%-92.4%)
2026-01-30 18:00:39.547 | INFO     | 调试: 板ID 0 的80字节数据包预览:
2026-01-30 18:00:39.548 | INFO     |   PWM值: [200, 192, 189, 191, 192, 189, 191, 198, 189, 191, 199, 211, 191, 198, 211, 229]
2026-01-30 18:00:39.548 | INFO     |   风扇ID映射: fan_id 0-3 = 第0行, fan_id 4-7 = 第1行, fan_id 8-11 = 第2行, fan_id 12-15 = 第3行
2026-01-30 18:00:39.623 | INFO     | 发送完成: 100成功/0失败, 耗时72ms
2026-01-30 18:00:39.623 | INFO     | 开始发送100个控制板数据（80字节批量包） (范围: 19.0%-92.4%)
2026-01-30 18:00:39.624 | INFO     | 调试: 板ID 0 的80字节数据包预览:
2026-01-30 18:00:39.631 | INFO     |   PWM值: [200, 192, 189, 191, 192, 189, 191, 198, 189, 191, 199, 211, 191, 198, 211, 229]
2026-01-30 18:00:39.640 | INFO     |   风扇ID映射: fan_id 0-3 = 第0行, fan_id 4-7 = 第1行, fan_id 8-11 = 第2行, fan_id 12-15 = 第3行
2026-01-30 18:00:39.648 | INFO     | 发送完成: 100成功/0失败, 耗时7ms
2026-01-30 18:00:39.705 | INFO     | 开始发送100个控制板数据（80字节批量包） (范围: 19.3%-92.0%)
2026-01-30 18:00:39.706 | INFO     | 调试: 板ID 0 的80字节数据包预览:
2026-01-30 18:00:39.706 | INFO     |   PWM值: [197, 193, 193, 198, 193, 194, 199, 210, 193, 199, 211, 227, 198, 210, 227, 248]
2026-01-30 18:00:39.707 | INFO     |   风扇ID映射: fan_id 0-3 = 第0行, fan_id 4-7 = 第1行, fan_id 8-11 = 第2行, fan_id 12-15 = 第3行
2026-01-30 18:00:39.803 | INFO     | 发送完成: 100成功/0失败, 耗时94ms
2026-01-30 18:00:39.804 | INFO     | 开始发送100个控制板数据（80字节批量包） (范围: 19.3%-92.0%)
2026-01-30 18:00:39.805 | INFO     | 调试: 板ID 0 的80字节数据包预览:
2026-01-30 18:00:39.805 | INFO     |   PWM值: [197, 193, 193, 198, 193, 194, 199, 210, 193, 199, 211, 227, 198, 210, 227, 248]
2026-01-30 18:00:39.806 | INFO     |   风扇ID映射: fan_id 0-3 = 第0行, fan_id 4-7 = 第1行, fan_id 8-11 = 第2行, fan_id 12-15 = 第3行
2026-01-30 18:00:39.837 | INFO     | 发送完成: 100成功/0失败, 耗时30ms
2026-01-30 18:00:39.885 | INFO     | 开始发送100个控制板数据（80字节批量包） (范围: 19.7%-91.6%)
2026-01-30 18:00:39.886 | INFO     | 调试: 板ID 0 的80字节数据包预览:
2026-01-30 18:00:39.888 | INFO     |   PWM值: [196, 196, 200, 209, 196, 201, 211, 225, 200, 211, 226, 246, 209, 225, 246, 271]
2026-01-30 18:00:39.888 | INFO     |   风扇ID映射: fan_id 0-3 = 第0行, fan_id 4-7 = 第1行, fan_id 8-11 = 第2行, fan_id 12-15 = 第3行
2026-01-30 18:00:39.898 | INFO     | 发送完成: 100成功/0失败, 耗时4ms
2026-01-30 18:00:40.033 | INFO     | 开始发送100个控制板数据（80字节批量包） (范围: 19.7%-91.6%)
2026-01-30 18:00:40.034 | INFO     | 调试: 板ID 0 的80字节数据包预览:
2026-01-30 18:00:40.035 | INFO     |   PWM值: [196, 196, 200, 209, 196, 201, 211, 225, 200, 211, 226, 246, 209, 225, 246, 271]
2026-01-30 18:00:40.036 | INFO     |   风扇ID映射: fan_id 0-3 = 第0行, fan_id 4-7 = 第1行, fan_id 8-11 = 第2行, fan_id 12-15 = 第3行
2026-01-30 18:00:40.042 | INFO     | 发送完成: 100成功/0失败, 耗时6ms
2026-01-30 18:00:40.042 | INFO     | 开始发送100个控制板数据（80字节批量包） (范围: 19.7%-91.6%)
2026-01-30 18:00:40.043 | INFO     | 调试: 板ID 0 的80字节数据包预览:
2026-01-30 18:00:40.043 | INFO     |   PWM值: [196, 196, 200, 209, 196, 201, 211, 225, 200, 211, 226, 246, 209, 225, 246, 271]
2026-01-30 18:00:40.043 | INFO     |   风扇ID映射: fan_id 0-3 = 第0行, fan_id 4-7 = 第1行, fan_id 8-11 = 第2行, fan_id 12-15 = 第3行
2026-01-30 18:00:40.048 | INFO     | 发送完成: 100成功/0失败, 耗时4ms
2026-01-30 18:00:40.081 | INFO     | 开始发送100个控制板数据（80字节批量包） (范围: 19.9%-91.2%)
2026-01-30 18:00:40.081 | INFO     | 调试: 板ID 0 的80字节数据包预览:
2026-01-30 18:00:40.081 | INFO     |   PWM值: [199, 202, 210, 223, 202, 211, 225, 242, 210, 225, 244, 267, 223, 242, 267, 295]
2026-01-30 18:00:40.082 | INFO     |   风扇ID映射: fan_id 0-3 = 第0行, fan_id 4-7 = 第1行, fan_id 8-11 = 第2行, fan_id 12-15 = 第3行
2026-01-30 18:00:40.086 | INFO     | 发送完成: 100成功/0失败, 耗时4ms
2026-01-30 18:00:40.087 | INFO     | 开始发送100个控制板数据（80字节批量包） (范围: 19.9%-91.2%)
2026-01-30 18:00:40.087 | INFO     | 调试: 板ID 0 的80字节数据包预览:
2026-01-30 18:00:40.088 | INFO     |   PWM值: [199, 202, 210, 223, 202, 211, 225, 242, 210, 225, 244, 267, 223, 242, 267, 295]
2026-01-30 18:00:40.088 | INFO     |   风扇ID映射: fan_id 0-3 = 第0行, fan_id 4-7 = 第1行, fan_id 8-11 = 第2行, fan_id 12-15 = 第3行
2026-01-30 18:00:40.092 | INFO     | 发送完成: 100成功/0失败, 耗时4ms
2026-01-30 18:00:40.240 | INFO     | 开始发送100个控制板数据（80字节批量包） (范围: 20.5%-90.8%)
2026-01-30 18:00:40.241 | INFO     | 调试: 板ID 0 的80字节数据包预览:
2026-01-30 18:00:40.242 | INFO     |   PWM值: [204, 211, 223, 239, 211, 224, 241, 263, 223, 241, 264, 290, 239, 263, 290, 322]
2026-01-30 18:00:40.243 | INFO     |   风扇ID映射: fan_id 0-3 = 第0行, fan_id 4-7 = 第1行, fan_id 8-11 = 第2行, fan_id 12-15 = 第3行
2026-01-30 18:00:40.247 | INFO     | 发送完成: 100成功/0失败, 耗时4ms
2026-01-30 18:00:40.248 | INFO     | 开始发送100个控制板数据（80字节批量包） (范围: 20.5%-90.8%)
2026-01-30 18:00:40.248 | INFO     | 调试: 板ID 0 的80字节数据包预览:
2026-01-30 18:00:40.248 | INFO     |   PWM值: [204, 211, 223, 239, 211, 224, 241, 263, 223, 241, 264, 290, 239, 263, 290, 322]
2026-01-30 18:00:40.249 | INFO     |   风扇ID映射: fan_id 0-3 = 第0行, fan_id 4-7 = 第1行, fan_id 8-11 = 第2行, fan_id 12-15 = 第3行
2026-01-30 18:00:40.255 | INFO     | 发送完成: 100成功/0失败, 耗时6ms
2026-01-30 18:00:40.288 | INFO     | 开始发送100个控制板数据（80字节批量包） (范围: 21.3%-90.4%)
2026-01-30 18:00:40.288 | INFO     | 调试: 板ID 0 的80字节数据包预览:
2026-01-30 18:00:40.289 | INFO     |   PWM值: [212, 223, 239, 258, 223, 240, 261, 285, 239, 261, 287, 316, 258, 285, 316, 350]
2026-01-30 18:00:40.290 | INFO     |   风扇ID映射: fan_id 0-3 = 第0行, fan_id 4-7 = 第1行, fan_id 8-11 = 第2行, fan_id 12-15 = 第3行
2026-01-30 18:00:40.327 | INFO     | 发送完成: 100成功/0失败, 耗时37ms
2026-01-30 18:00:40.327 | INFO     | 开始发送100个控制板数据（80字节批量包） (范围: 21.3%-90.4%)
2026-01-30 18:00:40.328 | INFO     | 调试: 板ID 0 的80字节数据包预览:
2026-01-30 18:00:40.328 | INFO     |   PWM值: [212, 223, 239, 258, 223, 240, 261, 285, 239, 261, 287, 316, 258, 285, 316, 350]
2026-01-30 18:00:40.328 | INFO     |   风扇ID映射: fan_id 0-3 = 第0行, fan_id 4-7 = 第1行, fan_id 8-11 = 第2行, fan_id 12-15 = 第3行
2026-01-30 18:00:40.333 | INFO     | 发送完成: 100成功/0失败, 耗时5ms
2026-01-30 18:00:40.464 | INFO     | 开始发送100个控制板数据（80字节批量包） (范围: 22.4%-90.0%)
2026-01-30 18:00:40.465 | INFO     | 调试: 板ID 0 的80字节数据包预览:
2026-01-30 18:00:40.466 | INFO     |   PWM值: [224, 238, 257, 280, 238, 258, 282, 310, 257, 282, 311, 343, 280, 310, 343, 380]
2026-01-30 18:00:40.467 | INFO     |   风扇ID映射: fan_id 0-3 = 第0行, fan_id 4-7 = 第1行, fan_id 8-11 = 第2行, fan_id 12-15 = 第3行
2026-01-30 18:00:40.472 | INFO     | 发送完成: 100成功/0失败, 耗时4ms
2026-01-30 18:00:40.473 | INFO     | 开始发送100个控制板数据（80字节批量包） (范围: 22.4%-90.0%)
2026-01-30 18:00:40.473 | INFO     | 调试: 板ID 0 的80字节数据包预览:
2026-01-30 18:00:40.473 | INFO     |   PWM值: [224, 238, 257, 280, 238, 258, 282, 310, 257, 282, 311, 343, 280, 310, 343, 380]
2026-01-30 18:00:40.474 | INFO     |   风扇ID映射: fan_id 0-3 = 第0行, fan_id 4-7 = 第1行, fan_id 8-11 = 第2行, fan_id 12-15 = 第3行
2026-01-30 18:00:40.479 | INFO     | 发送完成: 100成功/0失败, 耗时5ms
2026-01-30 18:00:40.523 | INFO     | 开始发送100个控制板数据（80字节批量包） (范围: 18.6%-89.6%)
2026-01-30 18:00:40.524 | INFO     | 调试: 板ID 0 的80字节数据包预览:
2026-01-30 18:00:40.524 | INFO     |   PWM值: [237, 256, 278, 303, 256, 279, 306, 336, 278, 306, 338, 373, 303, 336, 373, 411]
2026-01-30 18:00:40.524 | INFO     |   风扇ID映射: fan_id 0-3 = 第0行, fan_id 4-7 = 第1行, fan_id 8-11 = 第2行, fan_id 12-15 = 第3行
2026-01-30 18:00:40.529 | INFO     | 发送完成: 100成功/0失败, 耗时4ms
2026-01-30 18:00:40.668 | INFO     | 开始发送100个控制板数据（80字节批量包） (范围: 18.6%-89.6%)
2026-01-30 18:00:40.669 | INFO     | 调试: 板ID 0 的80字节数据包预览:
2026-01-30 18:00:40.669 | INFO     |   PWM值: [237, 256, 278, 303, 256, 279, 306, 336, 278, 306, 338, 373, 303, 336, 373, 411]
2026-01-30 18:00:40.670 | INFO     |   风扇ID映射: fan_id 0-3 = 第0行, fan_id 4-7 = 第1行, fan_id 8-11 = 第2行, fan_id 12-15 = 第3行
2026-01-30 18:00:40.675 | INFO     | 发送完成: 100成功/0失败, 耗时4ms
2026-01-30 18:00:40.676 | INFO     | 开始发送100个控制板数据（80字节批量包） (范围: 18.6%-89.6%)
2026-01-30 18:00:40.676 | INFO     | 调试: 板ID 0 的80字节数据包预览:
2026-01-30 18:00:40.677 | INFO     |   PWM值: [237, 256, 278, 303, 256, 279, 306, 336, 278, 306, 338, 373, 303, 336, 373, 411]
2026-01-30 18:00:40.677 | INFO     |   风扇ID映射: fan_id 0-3 = 第0行, fan_id 4-7 = 第1行, fan_id 8-11 = 第2行, fan_id 12-15 = 第3行
2026-01-30 18:00:40.681 | INFO     | 发送完成: 100成功/0失败, 耗时3ms
2026-01-30 18:00:40.750 | INFO     | 开始发送100个控制板数据（80字节批量包） (范围: 15.0%-89.2%)
2026-01-30 18:00:40.751 | INFO     | 调试: 板ID 0 的80字节数据包预览:
2026-01-30 18:00:40.751 | INFO     |   PWM值: [254, 276, 301, 329, 276, 302, 332, 364, 301, 332, 366, 403, 329, 364, 403, 443]
2026-01-30 18:00:40.752 | INFO     |   风扇ID映射: fan_id 0-3 = 第0行, fan_id 4-7 = 第1行, fan_id 8-11 = 第2行, fan_id 12-15 = 第3行
2026-01-30 18:00:40.824 | INFO     | 发送完成: 100成功/0失败, 耗时70ms
2026-01-30 18:00:40.826 | INFO     | 开始发送100个控制板数据（80字节批量包） (范围: 15.0%-89.2%)
2026-01-30 18:00:40.826 | INFO     | 调试: 板ID 0 的80字节数据包预览:
2026-01-30 18:00:40.827 | INFO     |   PWM值: [254, 276, 301, 329, 276, 302, 332, 364, 301, 332, 366, 403, 329, 364, 403, 443]
2026-01-30 18:00:40.828 | INFO     |   风扇ID映射: fan_id 0-3 = 第0行, fan_id 4-7 = 第1行, fan_id 8-11 = 第2行, fan_id 12-15 = 第3行
2026-01-30 18:00:40.876 | INFO     | 发送完成: 100成功/0失败, 耗时48ms
2026-01-30 18:00:40.936 | INFO     | 开始发送100个控制板数据（80字节批量包） (范围: 11.7%-88.8%)
2026-01-30 18:00:40.937 | INFO     | 调试: 板ID 0 的80字节数据包预览:
2026-01-30 18:00:40.937 | INFO     |   PWM值: [273, 298, 326, 356, 298, 327, 360, 394, 326, 360, 396, 434, 356, 394, 434, 475]
2026-01-30 18:00:40.937 | INFO     |   风扇ID映射: fan_id 0-3 = 第0行, fan_id 4-7 = 第1行, fan_id 8-11 = 第2行, fan_id 12-15 = 第3行
2026-01-30 18:00:41.012 | INFO     | 发送完成: 100成功/0失败, 耗时74ms
2026-01-30 18:00:41.014 | INFO     | 开始发送100个控制板数据（80字节批量包） (范围: 11.7%-88.8%)
2026-01-30 18:00:41.015 | INFO     | 调试: 板ID 0 的80字节数据包预览:
2026-01-30 18:00:41.015 | INFO     |   PWM值: [273, 298, 326, 356, 298, 327, 360, 394, 326, 360, 396, 434, 356, 394, 434, 475]
2026-01-30 18:00:41.016 | INFO     |   风扇ID映射: fan_id 0-3 = 第0行, fan_id 4-7 = 第1行, fan_id 8-11 = 第2行, fan_id 12-15 = 第3行
2026-01-30 18:00:41.040 | INFO     | 发送完成: 100成功/0失败, 耗时24ms
2026-01-30 18:00:41.100 | INFO     | 开始发送100个控制板数据（80字节批量包） (范围: 8.8%-88.4%)
2026-01-30 18:00:41.100 | INFO     | 调试: 板ID 0 的80字节数据包预览:
2026-01-30 18:00:41.101 | INFO     |   PWM值: [294, 322, 352, 384, 322, 354, 388, 424, 352, 388, 427, 466, 384, 424, 466, 508]
2026-01-30 18:00:41.103 | INFO     |   风扇ID映射: fan_id 0-3 = 第0行, fan_id 4-7 = 第1行, fan_id 8-11 = 第2行, fan_id 12-15 = 第3行
2026-01-30 18:00:41.186 | INFO     | 发送完成: 100成功/0失败, 耗时77ms
2026-01-30 18:00:41.191 | INFO     | 开始发送100个控制板数据（80字节批量包） (范围: 8.8%-88.4%)
2026-01-30 18:00:41.192 | INFO     | 调试: 板ID 0 的80字节数据包预览:
2026-01-30 18:00:41.193 | INFO     |   PWM值: [294, 322, 352, 384, 322, 354, 388, 424, 352, 388, 427, 466, 384, 424, 466, 508]
2026-01-30 18:00:41.193 | INFO     |   风扇ID映射: fan_id 0-3 = 第0行, fan_id 4-7 = 第1行, fan_id 8-11 = 第2行, fan_id 12-15 = 第3行
2026-01-30 18:00:41.199 | INFO     | 发送完成: 100成功/0失败, 耗时3ms
2026-01-30 18:00:41.259 | INFO     | 开始发送100个控制板数据（80字节批量包） (范围: 6.3%-88.0%)
2026-01-30 18:00:41.259 | INFO     | 调试: 板ID 0 的80字节数据包预览:
2026-01-30 18:00:41.260 | INFO     |   PWM值: [318, 348, 380, 414, 348, 382, 418, 456, 380, 418, 458, 498, 414, 456, 498, 541]
2026-01-30 18:00:41.260 | INFO     |   风扇ID映射: fan_id 0-3 = 第0行, fan_id 4-7 = 第1行, fan_id 8-11 = 第2行, fan_id 12-15 = 第3行
2026-01-30 18:00:41.332 | INFO     | 发送完成: 100成功/0失败, 耗时71ms
2026-01-30 18:00:41.333 | INFO     | 开始发送100个控制板数据（80字节批量包） (范围: 6.3%-88.0%)
2026-01-30 18:00:41.335 | INFO     | 调试: 板ID 0 的80字节数据包预览:
2026-01-30 18:00:41.335 | INFO     |   PWM值: [318, 348, 380, 414, 348, 382, 418, 456, 380, 418, 458, 498, 414, 456, 498, 541]
2026-01-30 18:00:41.336 | INFO     |   风扇ID映射: fan_id 0-3 = 第0行, fan_id 4-7 = 第1行, fan_id 8-11 = 第2行, fan_id 12-15 = 第3行
2026-01-30 18:00:41.361 | INFO     | 发送完成: 100成功/0失败, 耗时24ms
2026-01-30 18:00:41.409 | INFO     | 开始发送100个控制板数据（80字节批量包） (范围: 4.2%-87.6%)
2026-01-30 18:00:41.415 | INFO     | 调试: 板ID 0 的80字节数据包预览:
2026-01-30 18:00:41.417 | INFO     |   PWM值: [343, 375, 410, 445, 375, 412, 449, 488, 410, 449, 490, 530, 445, 488, 530, 573]
2026-01-30 18:00:41.417 | INFO     |   风扇ID映射: fan_id 0-3 = 第0行, fan_id 4-7 = 第1行, fan_id 8-11 = 第2行, fan_id 12-15 = 第3行
2026-01-30 18:00:41.426 | INFO     | 发送完成: 100成功/0失败, 耗时3ms
2026-01-30 18:00:41.553 | INFO     | 开始发送100个控制板数据（80字节批量包） (范围: 4.2%-87.6%)
2026-01-30 18:00:41.554 | INFO     | 调试: 板ID 0 的80字节数据包预览:
2026-01-30 18:00:41.555 | INFO     |   PWM值: [343, 375, 410, 445, 375, 412, 449, 488, 410, 449, 490, 530, 445, 488, 530, 573]
2026-01-30 18:00:41.556 | INFO     |   风扇ID映射: fan_id 0-3 = 第0行, fan_id 4-7 = 第1行, fan_id 8-11 = 第2行, fan_id 12-15 = 第3行
2026-01-30 18:00:41.562 | INFO     | 发送完成: 100成功/0失败, 耗时5ms
2026-01-30 18:00:41.563 | INFO     | 开始发送100个控制板数据（80字节批量包） (范围: 4.2%-87.6%)
2026-01-30 18:00:41.563 | INFO     | 调试: 板ID 0 的80字节数据包预览:
2026-01-30 18:00:41.563 | INFO     |   PWM值: [343, 375, 410, 445, 375, 412, 449, 488, 410, 449, 490, 530, 445, 488, 530, 573]
2026-01-30 18:00:41.564 | INFO     |   风扇ID映射: fan_id 0-3 = 第0行, fan_id 4-7 = 第1行, fan_id 8-11 = 第2行, fan_id 12-15 = 第3行
2026-01-30 18:00:41.570 | INFO     | 发送完成: 100成功/0失败, 耗时6ms
2026-01-30 18:00:41.603 | INFO     | 开始发送100个控制板数据（80字节批量包） (范围: 2.6%-87.3%)
2026-01-30 18:00:41.604 | INFO     | 调试: 板ID 0 的80字节数据包预览:
2026-01-30 18:00:41.605 | INFO     |   PWM值: [370, 404, 440, 476, 404, 442, 481, 519, 440, 481, 522, 562, 476, 519, 562, 604]
2026-01-30 18:00:41.606 | INFO     |   风扇ID映射: fan_id 0-3 = 第0行, fan_id 4-7 = 第1行, fan_id 8-11 = 第2行, fan_id 12-15 = 第3行
2026-01-30 18:00:41.633 | INFO     | 发送完成: 100成功/0失败, 耗时27ms
2026-01-30 18:00:41.634 | INFO     | 开始发送100个控制板数据（80字节批量包） (范围: 2.6%-87.3%)
2026-01-30 18:00:41.635 | INFO     | 调试: 板ID 0 的80字节数据包预览:
2026-01-30 18:00:41.635 | INFO     |   PWM值: [370, 404, 440, 476, 404, 442, 481, 519, 440, 481, 522, 562, 476, 519, 562, 604]
2026-01-30 18:00:41.636 | INFO     |   风扇ID映射: fan_id 0-3 = 第0行, fan_id 4-7 = 第1行, fan_id 8-11 = 第2行, fan_id 12-15 = 第3行
2026-01-30 18:00:41.641 | INFO     | 发送完成: 100成功/0失败, 耗时5ms
2026-01-30 18:00:41.783 | INFO     | 开始发送100个控制板数据（80字节批量包） (范围: 1.5%-86.9%)
2026-01-30 18:00:41.783 | INFO     | 调试: 板ID 0 的80字节数据包预览:
2026-01-30 18:00:41.784 | INFO     |   PWM值: [398, 434, 470, 507, 434, 473, 512, 551, 470, 512, 553, 594, 507, 551, 594, 635]
2026-01-30 18:00:41.784 | INFO     |   风扇ID映射: fan_id 0-3 = 第0行, fan_id 4-7 = 第1行, fan_id 8-11 = 第2行, fan_id 12-15 = 第3行
2026-01-30 18:00:41.794 | INFO     | 发送完成: 100成功/0失败, 耗时8ms
2026-01-30 18:00:41.794 | INFO     | 开始发送100个控制板数据（80字节批量包） (范围: 1.5%-86.9%)
2026-01-30 18:00:41.795 | INFO     | 调试: 板ID 0 的80字节数据包预览:
2026-01-30 18:00:41.795 | INFO     |   PWM值: [398, 434, 470, 507, 434, 473, 512, 551, 470, 512, 553, 594, 507, 551, 594, 635]
2026-01-30 18:00:41.796 | INFO     |   风扇ID映射: fan_id 0-3 = 第0行, fan_id 4-7 = 第1行, fan_id 8-11 = 第2行, fan_id 12-15 = 第3行
2026-01-30 18:00:41.801 | INFO     | 发送完成: 100成功/0失败, 耗时4ms
2026-01-30 18:00:41.834 | INFO     | 开始发送100个控制板数据（80字节批量包） (范围: 0.8%-86.5%)
2026-01-30 18:00:41.834 | INFO     | 调试: 板ID 0 的80字节数据包预览:
2026-01-30 18:00:41.835 | INFO     |   PWM值: [427, 464, 501, 539, 464, 504, 543, 582, 501, 543, 584, 624, 539, 582, 624, 664]
2026-01-30 18:00:41.835 | INFO     |   风扇ID映射: fan_id 0-3 = 第0行, fan_id 4-7 = 第1行, fan_id 8-11 = 第2行, fan_id 12-15 = 第3行
2026-01-30 18:00:41.840 | INFO     | 发送完成: 100成功/0失败, 耗时4ms
2026-01-30 18:00:41.840 | INFO     | 开始发送100个控制板数据（80字节批量包） (范围: 0.8%-86.5%)
2026-01-30 18:00:41.841 | INFO     | 调试: 板ID 0 的80字节数据包预览:
2026-01-30 18:00:41.841 | INFO     |   PWM值: [427, 464, 501, 539, 464, 504, 543, 582, 501, 543, 584, 624, 539, 582, 624, 664]
2026-01-30 18:00:41.842 | INFO     |   风扇ID映射: fan_id 0-3 = 第0行, fan_id 4-7 = 第1行, fan_id 8-11 = 第2行, fan_id 12-15 = 第3行
2026-01-30 18:00:41.847 | INFO     | 发送完成: 100成功/0失败, 耗时4ms
2026-01-30 18:00:41.991 | INFO     | 开始发送100个控制板数据（80字节批量包） (范围: 0.6%-86.2%)
2026-01-30 18:00:41.991 | INFO     | 调试: 板ID 0 的80字节数据包预览:
2026-01-30 18:00:41.992 | INFO     |   PWM值: [456, 494, 532, 570, 494, 535, 574, 612, 532, 574, 615, 653, 570, 612, 653, 691]
2026-01-30 18:00:41.993 | INFO     |   风扇ID映射: fan_id 0-3 = 第0行, fan_id 4-7 = 第1行, fan_id 8-11 = 第2行, fan_id 12-15 = 第3行
2026-01-30 18:00:41.997 | INFO     | 发送完成: 100成功/0失败, 耗时4ms
2026-01-30 18:00:41.998 | INFO     | 开始发送100个控制板数据（80字节批量包） (范围: 0.6%-86.2%)
2026-01-30 18:00:41.998 | INFO     | 调试: 板ID 0 的80字节数据包预览:
2026-01-30 18:00:41.999 | INFO     |   PWM值: [456, 494, 532, 570, 494, 535, 574, 612, 532, 574, 615, 653, 570, 612, 653, 691]
2026-01-30 18:00:41.999 | INFO     |   风扇ID映射: fan_id 0-3 = 第0行, fan_id 4-7 = 第1行, fan_id 8-11 = 第2行, fan_id 12-15 = 第3行
2026-01-30 18:00:42.007 | INFO     | 发送完成: 100成功/0失败, 耗时8ms
2026-01-30 18:00:42.041 | INFO     | 开始发送100个控制板数据（80字节批量包） (范围: 1.0%-85.8%)
2026-01-30 18:00:42.042 | INFO     | 调试: 板ID 0 的80字节数据包预览:
2026-01-30 18:00:42.042 | INFO     |   PWM值: [486, 525, 563, 600, 525, 565, 604, 642, 563, 604, 644, 681, 600, 642, 681, 717]
2026-01-30 18:00:42.043 | INFO     |   风扇ID映射: fan_id 0-3 = 第0行, fan_id 4-7 = 第1行, fan_id 8-11 = 第2行, fan_id 12-15 = 第3行
2026-01-30 18:00:42.049 | INFO     | 发送完成: 100成功/0失败, 耗时5ms
2026-01-30 18:00:42.191 | INFO     | 开始发送100个控制板数据（80字节批量包） (范围: 1.0%-85.8%)
2026-01-30 18:00:42.192 | INFO     | 调试: 板ID 0 的80字节数据包预览:
2026-01-30 18:00:42.192 | INFO     |   PWM值: [486, 525, 563, 600, 525, 565, 604, 642, 563, 604, 644, 681, 600, 642, 681, 717]
2026-01-30 18:00:42.193 | INFO     |   风扇ID映射: fan_id 0-3 = 第0行, fan_id 4-7 = 第1行, fan_id 8-11 = 第2行, fan_id 12-15 = 第3行
2026-01-30 18:00:42.198 | INFO     | 发送完成: 100成功/0失败, 耗时4ms
2026-01-30 18:00:42.198 | INFO     | 开始发送100个控制板数据（80字节批量包） (范围: 1.0%-85.8%)
2026-01-30 18:00:42.200 | INFO     | 调试: 板ID 0 的80字节数据包预览:
2026-01-30 18:00:42.200 | INFO     |   PWM值: [486, 525, 563, 600, 525, 565, 604, 642, 563, 604, 644, 681, 600, 642, 681, 717]
2026-01-30 18:00:42.202 | INFO     |   风扇ID映射: fan_id 0-3 = 第0行, fan_id 4-7 = 第1行, fan_id 8-11 = 第2行, fan_id 12-15 = 第3行
2026-01-30 18:00:42.208 | INFO     | 发送完成: 100成功/0失败, 耗时5ms
2026-01-30 18:00:42.279 | INFO     | 开始发送100个控制板数据（80字节批量包） (范围: 1.5%-85.5%)
2026-01-30 18:00:42.285 | INFO     | 调试: 板ID 0 的80字节数据包预览:
2026-01-30 18:00:42.290 | INFO     |   PWM值: [517, 555, 593, 629, 555, 595, 633, 669, 593, 633, 671, 706, 629, 669, 706, 740]
2026-01-30 18:00:42.302 | INFO     |   风扇ID映射: fan_id 0-3 = 第0行, fan_id 4-7 = 第1行, fan_id 8-11 = 第2行, fan_id 12-15 = 第3行
2026-01-30 18:00:42.353 | INFO     | 发送完成: 100成功/0失败, 耗时40ms
2026-01-30 18:00:42.436 | INFO     | 开始发送100个控制板数据（80字节批量包） (范围: 1.5%-85.5%)
2026-01-30 18:00:42.436 | INFO     | 调试: 板ID 0 的80字节数据包预览:
2026-01-30 18:00:42.437 | INFO     |   PWM值: [517, 555, 593, 629, 555, 595, 633, 669, 593, 633, 671, 706, 629, 669, 706, 740]
2026-01-30 18:00:42.437 | INFO     |   风扇ID映射: fan_id 0-3 = 第0行, fan_id 4-7 = 第1行, fan_id 8-11 = 第2行, fan_id 12-15 = 第3行
2026-01-30 18:00:42.509 | INFO     | 发送完成: 100成功/0失败, 耗时71ms
2026-01-30 18:00:42.510 | INFO     | 开始发送100个控制板数据（80字节批量包） (范围: 1.5%-85.5%)
2026-01-30 18:00:42.511 | INFO     | 调试: 板ID 0 的80字节数据包预览:
2026-01-30 18:00:42.511 | INFO     |   PWM值: [517, 555, 593, 629, 555, 595, 633, 669, 593, 633, 671, 706, 629, 669, 706, 740]
2026-01-30 18:00:42.512 | INFO     |   风扇ID映射: fan_id 0-3 = 第0行, fan_id 4-7 = 第1行, fan_id 8-11 = 第2行, fan_id 12-15 = 第3行
2026-01-30 18:00:42.525 | INFO     | 发送完成: 100成功/0失败, 耗时12ms
2026-01-30 18:00:42.584 | INFO     | 开始发送100个控制板数据（80字节批量包） (范围: 2.0%-85.1%)
2026-01-30 18:00:42.585 | INFO     | 调试: 板ID 0 的80字节数据包预览:
2026-01-30 18:00:42.586 | INFO     |   PWM值: [547, 585, 622, 657, 585, 624, 661, 695, 622, 661, 697, 730, 657, 695, 730, 761]
2026-01-30 18:00:42.586 | INFO     |   风扇ID映射: fan_id 0-3 = 第0行, fan_id 4-7 = 第1行, fan_id 8-11 = 第2行, fan_id 12-15 = 第3行
2026-01-30 18:00:42.613 | INFO     | 发送完成: 100成功/0失败, 耗时27ms
2026-01-30 18:00:42.613 | INFO     | 开始发送100个控制板数据（80字节批量包） (范围: 2.0%-85.1%)
2026-01-30 18:00:42.614 | INFO     | 调试: 板ID 0 的80字节数据包预览:
2026-01-30 18:00:42.614 | INFO     |   PWM值: [547, 585, 622, 657, 585, 624, 661, 695, 622, 661, 697, 730, 657, 695, 730, 761]
2026-01-30 18:00:42.614 | INFO     |   风扇ID映射: fan_id 0-3 = 第0行, fan_id 4-7 = 第1行, fan_id 8-11 = 第2行, fan_id 12-15 = 第3行
2026-01-30 18:00:42.621 | INFO     | 发送完成: 100成功/0失败, 耗时6ms
2026-01-30 18:00:42.784 | INFO     | 开始发送100个控制板数据（80字节批量包） (范围: 2.4%-84.8%)
2026-01-30 18:00:42.785 | INFO     | 调试: 板ID 0 的80字节数据包预览:
2026-01-30 18:00:42.785 | INFO     |   PWM值: [576, 614, 650, 683, 614, 652, 687, 719, 650, 687, 721, 751, 683, 719, 751, 779]
2026-01-30 18:00:42.787 | INFO     |   风扇ID映射: fan_id 0-3 = 第0行, fan_id 4-7 = 第1行, fan_id 8-11 = 第2行, fan_id 12-15 = 第3行
2026-01-30 18:00:42.792 | INFO     | 发送完成: 100成功/0失败, 耗时4ms
2026-01-30 18:00:42.793 | INFO     | 开始发送100个控制板数据（80字节批量包） (范围: 2.4%-84.8%)
2026-01-30 18:00:42.793 | INFO     | 调试: 板ID 0 的80字节数据包预览:
2026-01-30 18:00:42.794 | INFO     |   PWM值: [576, 614, 650, 683, 614, 652, 687, 719, 650, 687, 721, 751, 683, 719, 751, 779]
2026-01-30 18:00:42.794 | INFO     |   风扇ID映射: fan_id 0-3 = 第0行, fan_id 4-7 = 第1行, fan_id 8-11 = 第2行, fan_id 12-15 = 第3行
2026-01-30 18:00:42.799 | INFO     | 发送完成: 100成功/0失败, 耗时4ms
2026-01-30 18:00:42.832 | INFO     | 开始发送100个控制板数据（80字节批量包） (范围: 2.9%-84.4%)
2026-01-30 18:00:42.832 | INFO     | 调试: 板ID 0 的80字节数据包预览:
2026-01-30 18:00:42.833 | INFO     |   PWM值: [605, 642, 676, 708, 642, 678, 712, 741, 676, 712, 743, 770, 708, 741, 770, 795]
2026-01-30 18:00:42.834 | INFO     |   风扇ID映射: fan_id 0-3 = 第0行, fan_id 4-7 = 第1行, fan_id 8-11 = 第2行, fan_id 12-15 = 第3行
2026-01-30 18:00:42.838 | INFO     | 发送完成: 100成功/0失败, 耗时4ms
2026-01-30 18:00:42.839 | INFO     | 开始发送100个控制板数据（80字节批量包） (范围: 2.9%-84.4%)
2026-01-30 18:00:42.839 | INFO     | 调试: 板ID 0 的80字节数据包预览:
2026-01-30 18:00:42.839 | INFO     |   PWM值: [605, 642, 676, 708, 642, 678, 712, 741, 676, 712, 743, 770, 708, 741, 770, 795]
2026-01-30 18:00:42.840 | INFO     |   风扇ID映射: fan_id 0-3 = 第0行, fan_id 4-7 = 第1行, fan_id 8-11 = 第2行, fan_id 12-15 = 第3行
2026-01-30 18:00:42.845 | INFO     | 发送完成: 100成功/0失败, 耗时4ms
2026-01-30 18:00:43.004 | INFO     | 开始发送100个控制板数据（80字节批量包） (范围: 3.4%-84.1%)
2026-01-30 18:00:43.005 | INFO     | 调试: 板ID 0 的80字节数据包预览:
2026-01-30 18:00:43.005 | INFO     |   PWM值: [633, 668, 701, 730, 668, 703, 734, 761, 701, 734, 762, 786, 730, 761, 786, 807]
2026-01-30 18:00:43.005 | INFO     |   风扇ID映射: fan_id 0-3 = 第0行, fan_id 4-7 = 第1行, fan_id 8-11 = 第2行, fan_id 12-15 = 第3行
2026-01-30 18:00:43.010 | INFO     | 发送完成: 100成功/0失败, 耗时4ms
2026-01-30 18:00:43.032 | INFO     | 开始发送100个控制板数据（80字节批量包） (范围: 3.4%-84.1%)
2026-01-30 18:00:43.033 | INFO     | 调试: 板ID 0 的80字节数据包预览:
2026-01-30 18:00:43.033 | INFO     |   PWM值: [633, 668, 701, 730, 668, 703, 734, 761, 701, 734, 762, 786, 730, 761, 786, 807]
2026-01-30 18:00:43.034 | INFO     |   风扇ID映射: fan_id 0-3 = 第0行, fan_id 4-7 = 第1行, fan_id 8-11 = 第2行, fan_id 12-15 = 第3行
2026-01-30 18:00:43.041 | INFO     | 发送完成: 100成功/0失败, 耗时6ms
2026-01-30 18:00:43.042 | INFO     | 开始发送100个控制板数据（80字节批量包） (范围: 3.4%-84.1%)
2026-01-30 18:00:43.042 | INFO     | 调试: 板ID 0 的80字节数据包预览:
2026-01-30 18:00:43.043 | INFO     |   PWM值: [633, 668, 701, 730, 668, 703, 734, 761, 701, 734, 762, 786, 730, 761, 786, 807]
2026-01-30 18:00:43.043 | INFO     |   风扇ID映射: fan_id 0-3 = 第0行, fan_id 4-7 = 第1行, fan_id 8-11 = 第2行, fan_id 12-15 = 第3行
2026-01-30 18:00:43.054 | INFO     | 发送完成: 100成功/0失败, 耗时9ms
2026-01-30 18:00:43.202 | INFO     | 开始发送100个控制板数据（80字节批量包） (范围: 3.9%-83.7%)
2026-01-30 18:00:43.203 | INFO     | 调试: 板ID 0 的80字节数据包预览:
2026-01-30 18:00:43.203 | INFO     |   PWM值: [660, 693, 724, 750, 693, 725, 753, 778, 724, 753, 779, 800, 750, 778, 800, 817]
2026-01-30 18:00:43.203 | INFO     |   风扇ID映射: fan_id 0-3 = 第0行, fan_id 4-7 = 第1行, fan_id 8-11 = 第2行, fan_id 12-15 = 第3行
2026-01-30 18:00:43.209 | INFO     | 发送完成: 100成功/0失败, 耗时5ms
2026-01-30 18:00:43.264 | INFO     | 开始发送100个控制板数据（80字节批量包） (范围: 3.9%-83.7%)
2026-01-30 18:00:43.266 | INFO     | 调试: 板ID 0 的80字节数据包预览:
2026-01-30 18:00:43.267 | INFO     |   PWM值: [660, 693, 724, 750, 693, 725, 753, 778, 724, 753, 779, 800, 750, 778, 800, 817]
2026-01-30 18:00:43.273 | INFO     |   风扇ID映射: fan_id 0-3 = 第0行, fan_id 4-7 = 第1行, fan_id 8-11 = 第2行, fan_id 12-15 = 第3行
2026-01-30 18:00:43.278 | INFO     | 发送完成: 100成功/0失败, 耗时3ms
2026-01-30 18:00:43.278 | INFO     | 开始发送100个控制板数据（80字节批量包） (范围: 3.9%-83.7%)
2026-01-30 18:00:43.279 | INFO     | 调试: 板ID 0 的80字节数据包预览:
2026-01-30 18:00:43.279 | INFO     |   PWM值: [660, 693, 724, 750, 693, 725, 753, 778, 724, 753, 779, 800, 750, 778, 800, 817]
2026-01-30 18:00:43.279 | INFO     |   风扇ID映射: fan_id 0-3 = 第0行, fan_id 4-7 = 第1行, fan_id 8-11 = 第2行, fan_id 12-15 = 第3行
2026-01-30 18:00:43.285 | INFO     | 发送完成: 100成功/0失败, 耗时5ms
2026-01-30 18:00:43.408 | INFO     | 开始发送100个控制板数据（80字节批量包） (范围: 4.3%-83.4%)
2026-01-30 18:00:43.408 | INFO     | 调试: 板ID 0 的80字节数据包预览:
2026-01-30 18:00:43.409 | INFO     |   PWM值: [684, 716, 744, 768, 716, 745, 771, 792, 744, 771, 793, 810, 768, 792, 810, 823]
2026-01-30 18:00:43.409 | INFO     |   风扇ID映射: fan_id 0-3 = 第0行, fan_id 4-7 = 第1行, fan_id 8-11 = 第2行, fan_id 12-15 = 第3行
2026-01-30 18:00:43.414 | INFO     | 发送完成: 100成功/0失败, 耗时4ms
2026-01-30 18:00:43.416 | INFO     | 开始发送100个控制板数据（80字节批量包） (范围: 4.3%-83.4%)
2026-01-30 18:00:43.416 | INFO     | 调试: 板ID 0 的80字节数据包预览:
2026-01-30 18:00:43.416 | INFO     |   PWM值: [684, 716, 744, 768, 716, 745, 771, 792, 744, 771, 793, 810, 768, 792, 810, 823]
2026-01-30 18:00:43.417 | INFO     |   风扇ID映射: fan_id 0-3 = 第0行, fan_id 4-7 = 第1行, fan_id 8-11 = 第2行, fan_id 12-15 = 第3行
2026-01-30 18:00:43.422 | INFO     | 发送完成: 100成功/0失败, 耗时4ms
2026-01-30 18:00:43.456 | INFO     | 开始发送100个控制板数据（80字节批量包） (范围: 4.7%-83.1%)
2026-01-30 18:00:43.457 | INFO     | 调试: 板ID 0 的80字节数据包预览:
2026-01-30 18:00:43.457 | INFO     |   PWM值: [707, 736, 762, 783, 736, 763, 785, 803, 762, 785, 804, 817, 783, 803, 817, 826]
2026-01-30 18:00:43.458 | INFO     |   风扇ID映射: fan_id 0-3 = 第0行, fan_id 4-7 = 第1行, fan_id 8-11 = 第2行, fan_id 12-15 = 第3行
2026-01-30 18:00:43.490 | INFO     | 发送完成: 100成功/0失败, 耗时31ms
2026-01-30 18:00:43.490 | INFO     | 开始发送100个控制板数据（80字节批量包） (范围: 4.7%-83.1%)
2026-01-30 18:00:43.491 | INFO     | 调试: 板ID 0 的80字节数据包预览:
2026-01-30 18:00:43.491 | INFO     |   PWM值: [707, 736, 762, 783, 736, 763, 785, 803, 762, 785, 804, 817, 783, 803, 817, 826]
2026-01-30 18:00:43.492 | INFO     |   风扇ID映射: fan_id 0-3 = 第0行, fan_id 4-7 = 第1行, fan_id 8-11 = 第2行, fan_id 12-15 = 第3行
2026-01-30 18:00:43.499 | INFO     | 发送完成: 100成功/0失败, 耗时7ms
2026-01-30 18:00:43.625 | INFO     | 开始发送100个控制板数据（80字节批量包） (范围: 5.2%-82.7%)
2026-01-30 18:00:43.626 | INFO     | 调试: 板ID 0 的80字节数据包预览:
2026-01-30 18:00:43.626 | INFO     |   PWM值: [728, 755, 777, 795, 755, 778, 797, 811, 777, 797, 812, 821, 795, 811, 821, 826]
2026-01-30 18:00:43.627 | INFO     |   风扇ID映射: fan_id 0-3 = 第0行, fan_id 4-7 = 第1行, fan_id 8-11 = 第2行, fan_id 12-15 = 第3行
2026-01-30 18:00:43.630 | INFO     | 发送完成: 100成功/0失败, 耗时3ms
2026-01-30 18:00:43.630 | INFO     | 开始发送100个控制板数据（80字节批量包） (范围: 5.2%-82.7%)
2026-01-30 18:00:43.631 | INFO     | 调试: 板ID 0 的80字节数据包预览:
2026-01-30 18:00:43.631 | INFO     |   PWM值: [728, 755, 777, 795, 755, 778, 797, 811, 777, 797, 812, 821, 795, 811, 821, 826]
2026-01-30 18:00:43.632 | INFO     |   风扇ID映射: fan_id 0-3 = 第0行, fan_id 4-7 = 第1行, fan_id 8-11 = 第2行, fan_id 12-15 = 第3行
2026-01-30 18:00:43.640 | INFO     | 发送完成: 100成功/0失败, 耗时8ms
2026-01-30 18:00:43.701 | INFO     | 开始发送100个控制板数据（80字节批量包） (范围: 5.6%-82.4%)
2026-01-30 18:00:43.707 | INFO     | 调试: 板ID 0 的80字节数据包预览:
2026-01-30 18:00:43.718 | INFO     |   PWM值: [747, 770, 789, 804, 770, 790, 806, 816, 789, 806, 816, 822, 804, 816, 822, 822]
2026-01-30 18:00:43.724 | INFO     |   风扇ID映射: fan_id 0-3 = 第0行, fan_id 4-7 = 第1行, fan_id 8-11 = 第2行, fan_id 12-15 = 第3行
2026-01-30 18:00:43.801 | INFO     | 发送完成: 100成功/0失败, 耗时70ms
2026-01-30 18:00:43.883 | INFO     | 开始发送100个控制板数据（80字节批量包） (范围: 5.6%-82.4%)
2026-01-30 18:00:43.885 | INFO     | 调试: 板ID 0 的80字节数据包预览:
2026-01-30 18:00:43.887 | INFO     |   PWM值: [747, 770, 789, 804, 770, 790, 806, 816, 789, 806, 816, 822, 804, 816, 822, 822]
2026-01-30 18:00:43.888 | INFO     |   风扇ID映射: fan_id 0-3 = 第0行, fan_id 4-7 = 第1行, fan_id 8-11 = 第2行, fan_id 12-15 = 第3行
2026-01-30 18:00:43.962 | INFO     | 发送完成: 100成功/0失败, 耗时74ms
2026-01-30 18:00:43.963 | INFO     | 开始发送100个控制板数据（80字节批量包） (范围: 5.6%-82.4%)
2026-01-30 18:00:43.964 | INFO     | 调试: 板ID 0 的80字节数据包预览:
2026-01-30 18:00:43.965 | INFO     |   PWM值: [747, 770, 789, 804, 770, 790, 806, 816, 789, 806, 816, 822, 804, 816, 822, 822]
2026-01-30 18:00:43.966 | INFO     |   风扇ID映射: fan_id 0-3 = 第0行, fan_id 4-7 = 第1行, fan_id 8-11 = 第2行, fan_id 12-15 = 第3行
2026-01-30 18:00:43.992 | INFO     | 发送完成: 100成功/0失败, 耗时24ms
2026-01-30 18:00:44.056 | INFO     | 开始发送100个控制板数据（80字节批量包） (范围: 6.1%-82.1%)
2026-01-30 18:00:44.061 | INFO     | 调试: 板ID 0 的80字节数据包预览:
2026-01-30 18:00:44.066 | INFO     |   PWM值: [763, 783, 799, 810, 783, 800, 811, 818, 799, 811, 818, 819, 810, 818, 819, 815]
2026-01-30 18:00:44.072 | INFO     |   风扇ID映射: fan_id 0-3 = 第0行, fan_id 4-7 = 第1行, fan_id 8-11 = 第2行, fan_id 12-15 = 第3行
2026-01-30 18:00:44.121 | INFO     | 发送完成: 100成功/0失败, 耗时38ms
2026-01-30 18:00:44.209 | INFO     | 开始发送100个控制板数据（80字节批量包） (范围: 6.1%-82.1%)
2026-01-30 18:00:44.209 | INFO     | 调试: 板ID 0 的80字节数据包预览:
2026-01-30 18:00:44.210 | INFO     |   PWM值: [763, 783, 799, 810, 783, 800, 811, 818, 799, 811, 818, 819, 810, 818, 819, 815]
2026-01-30 18:00:44.211 | INFO     |   风扇ID映射: fan_id 0-3 = 第0行, fan_id 4-7 = 第1行, fan_id 8-11 = 第2行, fan_id 12-15 = 第3行
2026-01-30 18:00:44.289 | INFO     | 发送完成: 100成功/0失败, 耗时78ms
2026-01-30 18:00:44.290 | INFO     | 开始发送100个控制板数据（80字节批量包） (范围: 6.1%-82.1%)
2026-01-30 18:00:44.291 | INFO     | 调试: 板ID 0 的80字节数据包预览:
2026-01-30 18:00:44.292 | INFO     |   PWM值: [763, 783, 799, 810, 783, 800, 811, 818, 799, 811, 818, 819, 810, 818, 819, 815]
2026-01-30 18:00:44.292 | INFO     |   风扇ID映射: fan_id 0-3 = 第0行, fan_id 4-7 = 第1行, fan_id 8-11 = 第2行, fan_id 12-15 = 第3行
2026-01-30 18:00:44.317 | INFO     | 发送完成: 100成功/0失败, 耗时24ms
2026-01-30 18:00:44.378 | INFO     | 开始发送100个控制板数据（80字节批量包） (范围: 6.5%-81.8%)
2026-01-30 18:00:44.380 | INFO     | 调试: 板ID 0 的80字节数据包预览:
2026-01-30 18:00:44.381 | INFO     |   PWM值: [777, 793, 806, 813, 793, 806, 814, 816, 806, 814, 816, 814, 813, 816, 814, 806]
2026-01-30 18:00:44.389 | INFO     |   风扇ID映射: fan_id 0-3 = 第0行, fan_id 4-7 = 第1行, fan_id 8-11 = 第2行, fan_id 12-15 = 第3行
2026-01-30 18:00:44.455 | INFO     | 发送完成: 100成功/0失败, 耗时55ms
2026-01-30 18:00:44.456 | INFO     | 开始发送100个控制板数据（80字节批量包） (范围: 6.5%-81.8%)
2026-01-30 18:00:44.456 | INFO     | 调试: 板ID 0 的80字节数据包预览:
2026-01-30 18:00:44.457 | INFO     |   PWM值: [777, 793, 806, 813, 793, 806, 814, 816, 806, 814, 816, 814, 813, 816, 814, 806]
2026-01-30 18:00:44.457 | INFO     |   风扇ID映射: fan_id 0-3 = 第0行, fan_id 4-7 = 第1行, fan_id 8-11 = 第2行, fan_id 12-15 = 第3行
2026-01-30 18:00:44.481 | INFO     | 发送完成: 100成功/0失败, 耗时22ms
2026-01-30 18:00:44.541 | INFO     | 开始发送100个控制板数据（80字节批量包） (范围: 7.0%-81.4%)
2026-01-30 18:00:44.542 | INFO     | 调试: 板ID 0 的80字节数据包预览:
2026-01-30 18:00:44.542 | INFO     |   PWM值: [787, 801, 809, 813, 801, 809, 813, 812, 809, 813, 812, 805, 813, 812, 805, 793]
2026-01-30 18:00:44.542 | INFO     |   风扇ID映射: fan_id 0-3 = 第0行, fan_id 4-7 = 第1行, fan_id 8-11 = 第2行, fan_id 12-15 = 第3行
2026-01-30 18:00:44.639 | INFO     | 发送完成: 100成功/0失败, 耗时96ms
2026-01-30 18:00:44.640 | INFO     | 开始发送100个控制板数据（80字节批量包） (范围: 7.0%-81.4%)
2026-01-30 18:00:44.641 | INFO     | 调试: 板ID 0 的80字节数据包预览:
2026-01-30 18:00:44.641 | INFO     |   PWM值: [787, 801, 809, 813, 801, 809, 813, 812, 809, 813, 812, 805, 813, 812, 805, 793]
2026-01-30 18:00:44.642 | INFO     |   风扇ID映射: fan_id 0-3 = 第0行, fan_id 4-7 = 第1行, fan_id 8-11 = 第2行, fan_id 12-15 = 第3行
2026-01-30 18:00:44.666 | INFO     | 发送完成: 100成功/0失败, 耗时22ms
2026-01-30 18:00:44.724 | INFO     | 开始发送100个控制板数据（80字节批量包） (范围: 7.4%-81.1%)
2026-01-30 18:00:44.725 | INFO     | 调试: 板ID 0 的80字节数据包预览:
2026-01-30 18:00:44.726 | INFO     |   PWM值: [795, 805, 809, 810, 805, 810, 809, 804, 809, 809, 804, 793, 810, 804, 793, 777]
2026-01-30 18:00:44.727 | INFO     |   风扇ID映射: fan_id 0-3 = 第0行, fan_id 4-7 = 第1行, fan_id 8-11 = 第2行, fan_id 12-15 = 第3行
2026-01-30 18:00:44.797 | INFO     | 发送完成: 100成功/0失败, 耗时70ms
2026-01-30 18:00:44.798 | INFO     | 开始发送100个控制板数据（80字节批量包） (范围: 7.4%-81.1%)
2026-01-30 18:00:44.799 | INFO     | 调试: 板ID 0 的80字节数据包预览:
2026-01-30 18:00:44.800 | INFO     |   PWM值: [795, 805, 809, 810, 805, 810, 809, 804, 809, 809, 804, 793, 810, 804, 793, 777]
2026-01-30 18:00:44.801 | INFO     |   风扇ID映射: fan_id 0-3 = 第0行, fan_id 4-7 = 第1行, fan_id 8-11 = 第2行, fan_id 12-15 = 第3行
2026-01-30 18:00:44.831 | INFO     | 发送完成: 100成功/0失败, 耗时31ms
2026-01-30 18:00:44.872 | INFO     | 开始发送100个控制板数据（80字节批量包） (范围: 7.8%-80.8%)
2026-01-30 18:00:44.882 | INFO     | 调试: 板ID 0 的80字节数据包预览:
2026-01-30 18:00:44.883 | INFO     |   PWM值: [800, 806, 807, 803, 806, 807, 802, 793, 807, 802, 793, 778, 803, 793, 778, 758]
2026-01-30 18:00:44.884 | INFO     |   风扇ID映射: fan_id 0-3 = 第0行, fan_id 4-7 = 第1行, fan_id 8-11 = 第2行, fan_id 12-15 = 第3行
2026-01-30 18:00:44.894 | INFO     | 发送完成: 100成功/0失败, 耗时9ms
2026-01-30 18:00:45.036 | INFO     | 开始发送100个控制板数据（80字节批量包） (范围: 7.8%-80.8%)
2026-01-30 18:00:45.036 | INFO     | 调试: 板ID 0 的80字节数据包预览:
2026-01-30 18:00:45.036 | INFO     |   PWM值: [800, 806, 807, 803, 806, 807, 802, 793, 807, 802, 793, 778, 803, 793, 778, 758]
2026-01-30 18:00:45.037 | INFO     |   风扇ID映射: fan_id 0-3 = 第0行, fan_id 4-7 = 第1行, fan_id 8-11 = 第2行, fan_id 12-15 = 第3行
2026-01-30 18:00:45.042 | INFO     | 发送完成: 100成功/0失败, 耗时5ms
2026-01-30 18:00:45.042 | INFO     | 开始发送100个控制板数据（80字节批量包） (范围: 7.8%-80.8%)
2026-01-30 18:00:45.043 | INFO     | 调试: 板ID 0 的80字节数据包预览:
2026-01-30 18:00:45.043 | INFO     |   PWM值: [800, 806, 807, 803, 806, 807, 802, 793, 807, 802, 793, 778, 803, 793, 778, 758]
2026-01-30 18:00:45.043 | INFO     |   风扇ID映射: fan_id 0-3 = 第0行, fan_id 4-7 = 第1行, fan_id 8-11 = 第2行, fan_id 12-15 = 第3行
2026-01-30 18:00:45.048 | INFO     | 发送完成: 100成功/0失败, 耗时4ms
2026-01-30 18:00:45.122 | INFO     | 开始发送100个控制板数据（80字节批量包） (范围: 8.2%-80.5%)
2026-01-30 18:00:45.122 | INFO     | 调试: 板ID 0 的80字节数据包预览:
2026-01-30 18:00:45.123 | INFO     |   PWM值: [802, 804, 801, 794, 804, 801, 792, 780, 801, 792, 779, 761, 794, 780, 761, 737]
2026-01-30 18:00:45.123 | INFO     |   风扇ID映射: fan_id 0-3 = 第0行, fan_id 4-7 = 第1行, fan_id 8-11 = 第2行, fan_id 12-15 = 第3行
2026-01-30 18:00:45.135 | INFO     | 发送完成: 100成功/0失败, 耗时12ms
2026-01-30 18:00:45.152 | INFO     | 开始发送100个控制板数据（80字节批量包） (范围: 8.2%-80.5%)
2026-01-30 18:00:45.163 | INFO     | 调试: 板ID 0 的80字节数据包预览:
2026-01-30 18:00:45.174 | INFO     |   PWM值: [802, 804, 801, 794, 804, 801, 792, 780, 801, 792, 779, 761, 794, 780, 761, 737]
2026-01-30 18:00:45.199 | INFO     |   风扇ID映射: fan_id 0-3 = 第0行, fan_id 4-7 = 第1行, fan_id 8-11 = 第2行, fan_id 12-15 = 第3行
2026-01-30 18:00:45.224 | INFO     | 发送完成: 100成功/0失败, 耗时23ms
2026-01-30 18:00:45.291 | INFO     | 开始发送100个控制板数据（80字节批量包） (范围: 8.6%-80.2%)
2026-01-30 18:00:45.291 | INFO     | 调试: 板ID 0 的80字节数据包预览:
2026-01-30 18:00:45.292 | INFO     |   PWM值: [801, 799, 792, 781, 799, 792, 780, 763, 792, 780, 762, 740, 781, 763, 740, 713]
2026-01-30 18:00:45.292 | INFO     |   风扇ID映射: fan_id 0-3 = 第0行, fan_id 4-7 = 第1行, fan_id 8-11 = 第2行, fan_id 12-15 = 第3行
2026-01-30 18:00:45.365 | INFO     | 发送完成: 100成功/0失败, 耗时73ms
2026-01-30 18:00:45.367 | INFO     | 开始发送100个控制板数据（80字节批量包） (范围: 8.6%-80.2%)
2026-01-30 18:00:45.368 | INFO     | 调试: 板ID 0 的80字节数据包预览:
2026-01-30 18:00:45.370 | INFO     |   PWM值: [801, 799, 792, 781, 799, 792, 780, 763, 792, 780, 762, 740, 781, 763, 740, 713]
2026-01-30 18:00:45.371 | INFO     |   风扇ID映射: fan_id 0-3 = 第0行, fan_id 4-7 = 第1行, fan_id 8-11 = 第2行, fan_id 12-15 = 第3行
2026-01-30 18:00:45.390 | INFO     | 发送完成: 100成功/0失败, 耗时18ms
2026-01-30 18:00:45.440 | INFO     | 开始发送100个控制板数据（80字节批量包） (范围: 9.0%-79.8%)
2026-01-30 18:00:45.440 | INFO     | 调试: 板ID 0 的80字节数据包预览:
2026-01-30 18:00:45.441 | INFO     |   PWM值: [797, 791, 780, 766, 791, 780, 764, 744, 780, 764, 743, 718, 766, 744, 718, 687]
2026-01-30 18:00:45.441 | INFO     |   风扇ID映射: fan_id 0-3 = 第0行, fan_id 4-7 = 第1行, fan_id 8-11 = 第2行, fan_id 12-15 = 第3行
2026-01-30 18:00:45.465 | INFO     | 发送完成: 100成功/0失败, 耗时18ms
2026-01-30 18:00:45.465 | INFO     | 开始发送100个控制板数据（80字节批量包） (范围: 9.0%-79.8%)
2026-01-30 18:00:45.466 | INFO     | 调试: 板ID 0 的80字节数据包预览:
2026-01-30 18:00:45.466 | INFO     |   PWM值: [797, 791, 780, 766, 791, 780, 764, 744, 780, 764, 743, 718, 766, 744, 718, 687]
2026-01-30 18:00:45.467 | INFO     |   风扇ID映射: fan_id 0-3 = 第0行, fan_id 4-7 = 第1行, fan_id 8-11 = 第2行, fan_id 12-15 = 第3行
2026-01-30 18:00:45.473 | INFO     | 发送完成: 100成功/0失败, 耗时5ms
2026-01-30 18:00:49.177 | INFO     | 异步发送线程已停止
2026-01-30 18:00:49.178 | INFO     | UDP发送器已关闭
2026-01-30 18:00:49.243 | INFO     | UDP发送器已关闭
